0  0.780809  -2.62697  -1.84616
100  1.77154  -3.61766  -1.84612
200  2.35796  -4.20411  -1.84615
300  2.18203  -4.02864  -1.84661
400  2.2079  -4.05454  -1.84663
500  2.21118  -4.05834  -1.84716
600  2.07366  -3.92112  -1.84746
700  1.99768  -3.84581  -1.84813
800  2.05444  -3.90282  -1.84837
900  2.05722  -3.90575  -1.84853
1000  2.1268  -3.97554  -1.84874
1100  1.9351  -3.78391  -1.84881
1200  2.13358  -3.98282  -1.84924
1300  1.93093  -3.78004  -1.8491
1400  1.9993  -3.84865  -1.84936
1500  2.07212  -3.9219  -1.84978
1600  2.05777  -3.90812  -1.85035
1700  2.0173  -3.86772  -1.85043
1800  2.08348  -3.93452  -1.85105
1900  1.99759  -3.84927  -1.85168
2000  2.16528  -4.01697  -1.85169
2100  2.06315  -3.91526  -1.85211
2200  2.13779  -3.99034  -1.85255
2300  2.14437  -3.9971  -1.85273
2400  2.0258  -3.87914  -1.85334
2500  2.10885  -3.96225  -1.85339
2600  2.13715  -3.9913  -1.85414
2700  2.04927  -3.90346  -1.8542
2800  2.15148  -4.00601  -1.85453
2900  2.0896  -3.94428  -1.85468
3000  2.10491  -3.96057  -1.85566
3100  2.03863  -3.89446  -1.85582
3200  2.06187  -3.91796  -1.85609
3300  2.07517  -3.93166  -1.85648
3400  2.01538  -3.87222  -1.85684
3500  2.03665  -3.89372  -1.85707
3600  2.12751  -3.98532  -1.85781
3700  2.09477  -3.95277  -1.858
3800  2.09091  -3.94902  -1.85811
3900  2.14837  -4.00642  -1.85805
4000  2.20785  -4.06608  -1.85823
4100  2.08162  -3.93982  -1.85821
4200  2.20224  -4.06128  -1.85904
4300  2.05088  -3.91075  -1.85987
4400  2.08363  -3.94375  -1.86012
4500  2.11273  -3.97296  -1.86024
4600  1.98783  -3.8484  -1.86057
4700  2.03997  -3.90065  -1.86068
4800  1.91285  -3.77528  -1.86243
4900  1.95234  -3.81545  -1.8631
5000  2.09399  -3.95706  -1.86307
5100  1.91599  -3.77969  -1.86369
5200  2.01572  -3.88001  -1.86429
5300  1.99121  -3.85569  -1.86448
5400  2.03487  -3.89939  -1.86452
5500  2.119  -3.98376  -1.86476
5600  2.08752  -3.95237  -1.86486
5700  2.03823  -3.90352  -1.8653
5800  2.11875  -3.9847  -1.86595
5900  2.07462  -3.94088  -1.86626
6000  2.09599  -3.96237  -1.86637
6100  2.00567  -3.87275  -1.86709
6200  2.03164  -3.89982  -1.86818
6300  2.08665  -3.95492  -1.86828
6400  2.11105  -3.97992  -1.86887
6500  2.05775  -3.92739  -1.86964
6600  2.25356  -4.12453  -1.87097
6700  2.06081  -3.93187  -1.87105
6800  2.15519  -4.02655  -1.87136
6900  2.17752  -4.04931  -1.87179
7000  2.08653  -3.9584  -1.87187
7100  2.17309  -4.04479  -1.8717
7200  1.95842  -3.83036  -1.87194
7300  1.99491  -3.86797  -1.87306
7400  2.05467  -3.92796  -1.87329
7500  2.13126  -4.0045  -1.87324
7600  1.97435  -3.84756  -1.87321
7700  2.07872  -3.9531  -1.87438
7800  2.14061  -4.01474  -1.87412
7900  2.12877  -4.00287  -1.8741
8000  2.08407  -3.95895  -1.87487
8100  2.0825  -3.95777  -1.87528
8200  1.92834  -3.80379  -1.87545
8300  2.04842  -3.92462  -1.87619
8400  2.00223  -3.87871  -1.87648
8500  2.09453  -3.97141  -1.87688
8600  2.07394  -3.95102  -1.87707
8700  2.01136  -3.88859  -1.87724
8800  2.08573  -3.96318  -1.87746
8900  2.08775  -3.96523  -1.87747
9000  1.99214  -3.8702  -1.87806
9100  1.97955  -3.85718  -1.87764
9200  2.05183  -3.9297  -1.87787
9300  2.10893  -3.98819  -1.87926
9400  2.06273  -3.94204  -1.87931
9500  2.02991  -3.90931  -1.8794
9600  1.94634  -3.82586  -1.87953
9700  2.07179  -3.95235  -1.88056
9800  1.97814  -3.8584  -1.88027
9900  1.92414  -3.80506  -1.88092
10000  2.15  -4.03133  -1.88133
10100  1.97001  -3.85114  -1.88113
10200  2.06994  -3.95111  -1.88118
10300  2.02264  -3.90339  -1.88075
10400  1.99936  -3.87997  -1.88061
10500  2.04874  -3.92908  -1.88034
10600  2.00175  -3.88259  -1.88084
10700  1.99524  -3.8761  -1.88086
10800  2.1205  -4.0009  -1.88039
10900  2.12981  -4.00971  -1.8799
11000  2.13357  -4.01326  -1.87969
11100  2.05079  -3.93048  -1.87969
11200  2.01719  -3.89691  -1.87972
11300  2.17111  -4.05042  -1.8793
11400  1.93032  -3.80976  -1.87945
11500  2.16321  -4.04273  -1.87952
11600  2.12184  -4.00113  -1.87929
11700  2.0328  -3.9129  -1.8801
11800  1.99634  -3.87601  -1.87966
11900  2.1407  -4.02019  -1.87949
12000  2.11623  -3.99523  -1.87901
12100  2.05689  -3.93558  -1.87869
12200  2.17067  -4.04824  -1.87757
12300  2.06646  -3.94397  -1.87751
12400  2.10621  -3.98394  -1.87773
12500  2.12146  -3.99918  -1.87772
12600  2.01688  -3.89449  -1.87761
12700  1.93797  -3.81542  -1.87745
12800  2.11275  -3.98991  -1.87716
12900  2.02115  -3.89814  -1.87698
13000  2.12064  -3.99806  -1.87742
13100  2.12576  -4.00222  -1.87646
13200  2.06815  -3.94455  -1.8764
13300  2.15467  -4.03085  -1.87618
13400  2.04854  -3.9236  -1.87506
13500  2.14381  -4.01944  -1.87563
13600  2.09879  -3.9743  -1.87551
13700  2.02607  -3.90149  -1.87542
13800  2.11205  -3.98731  -1.87526
13900  2.16148  -4.03696  -1.87548
14000  2.11895  -3.99415  -1.87519
14100  2.10039  -3.97552  -1.87513
14200  1.96176  -3.83694  -1.87517
14300  1.94348  -3.81776  -1.87428
14400  1.93639  -3.81091  -1.87452
14500  2.06076  -3.93572  -1.87496
14600  2.08789  -3.96195  -1.87406
14700  2.00464  -3.87824  -1.8736
14800  2.00729  -3.88104  -1.87375
14900  1.97423  -3.84777  -1.87354
15000  2.02672  -3.89943  -1.87272
15100  2.07915  -3.95119  -1.87204
15200  1.88267  -3.75514  -1.87247
15300  1.98351  -3.85512  -1.87161
15400  2.23592  -4.10719  -1.87128
15500  2.07028  -3.94131  -1.87104
15600  1.98722  -3.85792  -1.87071
15700  2.17903  -4.05027  -1.87124
15800  2.02806  -3.89992  -1.87187
15900  2.13073  -4.00269  -1.87196
16000  2.18331  -4.05467  -1.87136
16100  2.12358  -3.99449  -1.87092
16200  2.125  -3.99455  -1.86955
16300  2.06206  -3.93033  -1.86828
16400  2.1397  -4.00801  -1.86831
16500  1.99865  -3.8658  -1.86714
16600  2.05361  -3.92063  -1.86703
16700  2.192  -4.05985  -1.86785
16800  2.1788  -4.04726  -1.86846
16900  2.11536  -3.98421  -1.86886
17000  2.07473  -3.94391  -1.86918
17100  2.0996  -3.96929  -1.8697
17200  2.09215  -3.96224  -1.87009
17300  1.95599  -3.82524  -1.86926
17400  1.98098  -3.84937  -1.86839
17500  2.025  -3.89297  -1.86797
17600  2.035  -3.90135  -1.86635
17700  2.06555  -3.93227  -1.86672
17800  2.09209  -3.95783  -1.86574
17900  2.08638  -3.9522  -1.86582
18000  2.12878  -3.99375  -1.86497
18100  2.09421  -3.95882  -1.8646
18200  2.0781  -3.94248  -1.86438
18300  2.20035  -4.06255  -1.8622
18400  2.06438  -3.92595  -1.86157
18500  2.01764  -3.87872  -1.86108
18600  2.11859  -3.97925  -1.86066
18700  2.02471  -3.88226  -1.85755
18800  2.11731  -3.97331  -1.85599
18900  2.08127  -3.93458  -1.85331
19000  2.06076  -3.91135  -1.85059
19100  2.11534  -3.96617  -1.85083
19200  2.10161  -3.95256  -1.85094
19300  2.02801  -3.87626  -1.84826
19400  2.05514  -3.90158  -1.84644
19500  2.02738  -3.87344  -1.84607
19600  2.18082  -4.02704  -1.84622
19700  2.04372  -3.88903  -1.84531
19800  2.13563  -3.9783  -1.84267
19900  2.06128  -3.90369  -1.84241
20000  2.01328  -3.85526  -1.84198
20100  2.05048  -3.89019  -1.83971
20200  2.10336  -3.94208  -1.83872
20300  2.07508  -3.91417  -1.83909
20400  2.05938  -3.89913  -1.83975
20500  2.18586  -4.0264  -1.84054
20600  2.06146  -3.90201  -1.84055
20700  2.29624  -4.13672  -1.84047
20800  2.04862  -3.88961  -1.84098
20900  2.05742  -3.89818  -1.84077
21000  2.04799  -3.88857  -1.84058
21100  2.1444  -3.98609  -1.84169
21200  2.06681  -3.90876  -1.84195
21300  2.21027  -4.05114  -1.84087
21400  2.12724  -3.96701  -1.83978
21500  2.0522  -3.891  -1.83881
21600  2.18682  -4.02449  -1.83767
21700  2.15642  -3.99233  -1.83591
21800  2.13036  -3.96653  -1.83617
21900  2.16292  -3.99741  -1.83449
22000  2.19031  -4.0241  -1.83379
22100  2.11911  -3.95307  -1.83396
22200  2.1636  -3.99507  -1.83147
22300  2.07673  -3.90559  -1.82886
22400  2.05649  -3.88658  -1.8301
22500  2.16711  -3.99659  -1.82948
22600  2.1368  -3.96545  -1.82865
22700  2.09487  -3.92299  -1.82812
22800  2.05491  -3.87936  -1.82445
22900  2.13888  -3.96151  -1.82263
23000  2.183  -4.00562  -1.82262
23100  2.08641  -3.90759  -1.82118
23200  2.15077  -3.96823  -1.81746
23300  2.16671  -3.97939  -1.81267
23400  2.20933  -4.02029  -1.81096
23500  2.18793  -3.99595  -1.80802
23600  2.09443  -3.90104  -1.80661
23700  2.11494  -3.9168  -1.80186
23800  2.21892  -4.01555  -1.79663
23900  2.27773  -4.07284  -1.79511
24000  2.13299  -3.92352  -1.79053
24100  2.23943  -4.02171  -1.78228
24200  2.18732  -3.96324  -1.77592
24300  2.14219  -3.91196  -1.76977
24400  2.06833  -3.8356  -1.76728
24500  2.24098  -4.00772  -1.76673
24600  2.24129  -4.00645  -1.76515
24700  2.09052  -3.85088  -1.76036
24800  2.25295  -4.00822  -1.75527
24900  2.25425  -4.0067  -1.75246
25000  2.06028  -3.80691  -1.74663
25100  2.12462  -3.86775  -1.74313
25200  1.98656  -3.72743  -1.74087
25300  2.31517  -4.05336  -1.73819
25400  2.25063  -3.98822  -1.7376
25500  2.32187  -4.056  -1.73412
25600  2.27037  -3.99582  -1.72545
25700  2.3176  -4.03512  -1.71752
25800  2.13643  -3.85125  -1.71482
25900  2.20062  -3.90842  -1.70781
26000  2.27777  -3.98098  -1.7032
26100  2.21588  -3.91385  -1.69797
26200  2.16053  -3.85066  -1.69013
26300  2.3572  -4.03886  -1.68166
26400  2.26946  -3.95042  -1.68096
26500  2.20847  -3.88829  -1.67982
26600  2.11038  -3.78834  -1.67797
26700  2.15573  -3.82825  -1.67252
26800  2.39743  -4.05588  -1.65845
26900  2.41544  -4.07075  -1.6553
27000  2.28638  -3.93868  -1.6523
27100  2.37126  -4.01427  -1.64301
27200  2.33591  -3.97208  -1.63617
27300  2.34346  -3.97464  -1.63118
27400  2.28576  -3.91133  -1.62557
27500  2.35669  -3.97901  -1.62232
27600  2.29961  -3.91977  -1.62016
27700  2.41836  -4.01776  -1.5994
27800  2.43179  -4.02641  -1.59462
27900  2.40182  -3.99254  -1.59072
28000  2.40917  -3.99267  -1.58351
28100  2.46803  -4.04559  -1.57755
28200  2.3794  -3.95244  -1.57305
28300  2.46268  -4.03425  -1.57157
28400  2.36223  -3.93059  -1.56836
28500  2.37184  -3.93629  -1.56445
28600  2.35384  -3.91563  -1.56178
28700  2.42282  -3.98376  -1.56095
28800  2.41689  -3.9734  -1.55652
28900  2.46927  -4.01964  -1.55037
29000  2.36417  -3.89063  -1.52646
29100  2.41423  -3.93737  -1.52315
29200  2.4032  -3.92005  -1.51686
29300  2.33858  -3.84741  -1.50883
29400  2.4189  -3.91947  -1.50057
29500  2.4484  -3.94567  -1.49727
29600  2.53341  -4.02547  -1.49206
29700  2.50384  -3.99389  -1.49005
29800  2.5139  -3.99943  -1.48552
29900  2.70105  -4.17791  -1.47686
30000  2.55934  -4.02615  -1.4668
30100  2.49634  -3.95667  -1.46033
30200  2.58584  -4.02749  -1.44165
30300  2.60545  -4.04025  -1.43479
30400  2.59265  -4.02332  -1.43067
30500  2.54955  -3.97766  -1.4281
30600  2.63422  -4.04573  -1.41151
30700  2.60393  -3.9872  -1.38327
30800  2.57901  -3.95005  -1.37105
30900  2.60762  -3.97196  -1.36434
31000  2.63618  -3.99405  -1.35787
31100  2.55935  -3.89925  -1.3399
31200  2.6653  -4.00185  -1.33654
31300  2.72169  -4.05511  -1.33341
31400  2.6061  -3.92482  -1.31872
31500  2.65105  -3.94466  -1.29362
31600  2.65236  -3.92817  -1.27581
31700  2.68405  -3.94723  -1.26318
31800  2.65383  -3.90881  -1.25498
31900  2.75204  -4.00364  -1.2516
32000  2.75815  -4.0063  -1.24815
32100  2.80328  -4.02222  -1.21895
32200  2.79647  -3.99307  -1.19659
32300  2.66548  -3.84747  -1.18199
32400  2.83221  -4.00308  -1.17087
32500  2.72734  -3.88261  -1.15527
32600  2.77762  -3.90939  -1.13176
32700  2.86912  -3.96878  -1.09967
32800  2.84664  -3.94004  -1.09341
32900  2.95082  -4.04116  -1.09034
33000  2.94153  -4.03068  -1.08914
33100  2.84154  -3.92757  -1.08603
33200  2.96381  -4.04497  -1.08117
33300  2.82198  -3.89844  -1.07646
33400  2.94203  -4.00478  -1.06275
33500  2.82507  -3.84732  -1.02225
33600  2.89599  -3.90534  -1.00935
33700  2.92056  -3.92661  -1.00605
33800  2.93675  -3.91814  -0.981386
33900  2.86748  -3.83459  -0.967102
34000  3.02782  -3.99119  -0.963371
34100  2.97768  -3.93582  -0.958147
34200  3.00936  -3.96534  -0.955979
34300  2.99025  -3.94345  -0.953196
34400  3.10749  -4.0487  -0.941209
34500  3.02693  -3.95608  -0.929144
34600  3.05131  -3.97279  -0.921476
34700  3.23168  -4.13747  -0.905792
34800  3.10653  -3.99992  -0.89339
34900  3.19707  -4.0861  -0.889032
35000  2.97134  -3.85689  -0.885553
35100  3.18906  -4.06796  -0.878903
35200  3.1071  -3.97915  -0.872049
35300  3.16491  -4.02793  -0.863014
35400  2.98747  -3.81477  -0.827298
35500  3.12314  -3.93782  -0.814679
35600  3.15587  -3.96535  -0.809483
35700  3.1362  -3.93917  -0.802971
35800  3.15985  -3.9249  -0.76505
35900  3.19443  -3.94652  -0.752084
36000  3.28239  -4.0293  -0.746906
36100  3.17845  -3.90501  -0.726562
36200  3.2595  -3.95641  -0.696914
36300  3.20022  -3.88144  -0.681224
36400  3.36697  -4.03705  -0.670082
36500  3.31787  -3.97718  -0.659309
36600  3.28568  -3.92429  -0.638616
36700  3.35705  -3.98907  -0.632023
36800  3.35476  -3.97745  -0.622687
36900  3.38924  -3.99646  -0.607219
37000  3.35532  -3.95493  -0.59961
37100  3.33081  -3.91801  -0.587202
37200  3.347  -3.91994  -0.572934
37300  3.36078  -3.91836  -0.55758
37400  3.38193  -3.92539  -0.543463
37500  3.44881  -3.98268  -0.533863
37600  3.43757  -3.95359  -0.516016
37700  3.49005  -3.99499  -0.504934
37800  3.60176  -4.08174  -0.479973
37900  3.56749  -4.01074  -0.443253
38000  3.59989  -4.02148  -0.421585
38100  3.64713  -4.05975  -0.412624
38200  3.5521  -3.94582  -0.393713
38300  3.74913  -4.11584  -0.36671
38400  3.59935  -3.95138  -0.352031
38500  3.64429  -3.9878  -0.343506
38600  3.73523  -4.03526  -0.30003
38700  3.73266  -4.01458  -0.281921
38800  3.71852  -3.97674  -0.258224
38900  3.85087  -4.10235  -0.251489
39000  3.78203  -4.01654  -0.234511
39100  3.77836  -3.96556  -0.187201
39200  3.83362  -4.01526  -0.181639
39300  3.72957  -3.90519  -0.175615
39400  3.81999  -3.99137  -0.171378
39500  3.76784  -3.93476  -0.16692
39600  3.81487  -3.98093  -0.16606
39700  3.85401  -4.01876  -0.164753
39800  3.97326  -4.13397  -0.160709
39900  3.82573  -3.97905  -0.153322
40000  3.87834  -4.02636  -0.148022
40100  3.96985  -4.11466  -0.144807
40200  3.95462  -4.08749  -0.132863
40300  3.82567  -3.94839  -0.122721
40400  3.78579  -3.89908  -0.113296
40500  3.7587  -3.85709  -0.0983925
40600  3.90497  -3.99075  -0.085774
40700  3.92439  -3.99011  -0.0657274
40800  3.9993  -4.0501  -0.0508051
40900  3.96546  -4.01493  -0.0494657
41000  3.93663  -3.97403  -0.0374066
41100  3.9573  -3.97425  -0.0169491
41200  3.98659  -3.97312  0.0134753
41300  3.98193  -3.9577  0.0242344
41400  4.1675  -4.13142  0.0360812
41500  4.03827  -3.99353  0.044746
41600  4.07315  -4.01656  0.0565896
41700  4.13868  -4.02746  0.111216
41800  4.15858  -3.98006  0.178516
41900  4.06058  -3.83803  0.222543
42000  4.19952  -3.95916  0.240363
42100  4.12712  -3.86985  0.257266
42200  4.34828  -4.06375  0.284537
42300  4.27614  -3.92804  0.348099
42400  4.39016  -4.00675  0.383411
42500  4.2272  -3.83007  0.397129
42600  4.283  -3.85886  0.424143
42700  4.39273  -3.9486  0.444131
42800  4.38899  -3.92375  0.465238
42900  4.4243  -3.94813  0.476171
43000  4.46627  -3.96351  0.502754
43100  4.45938  -3.94479  0.514588
43200  4.4287  -3.89405  0.534647
43300  4.57384  -4.01237  0.561473
43400  4.49805  -3.91031  0.587738
43500  4.54321  -3.90667  0.636539
43600  4.61508  -3.89842  0.716663
43700  4.68018  -3.91739  0.762782
43800  4.81002  -4.00304  0.806983
43900  4.72711  -3.90271  0.824401
44000  4.81848  -3.93126  0.887216
44100  4.94067  -3.99165  0.949014
44200  4.80255  -3.80047  1.00208
44300  5.11452  -4.00136  1.11316
44400  5.25191  -4.09071  1.1612
44500  5.2551  -4.04175  1.21335
44600  5.3288  -4.05877  1.27003
44700  5.21897  -3.93518  1.28379
44800  5.24215  -3.93081  1.31134
44900  5.41931  -4.09141  1.3279
45000  5.3465  -3.98927  1.35723
45100  5.32195  -3.93689  1.38506
45200  5.52193  -4.00624  1.51569
45300  5.60816  -3.97554  1.63263
45400  5.84608  -4.06374  1.78234
45500  5.85333  -3.9736  1.87973
45600  6.00007  -4.02718  1.97289
45700  5.98252  -3.94373  2.03878
45800  6.07609  -4.00265  2.07344
45900  6.25919  -3.99023  2.26896
46000  6.43653  -4.04444  2.39209
46100  6.45165  -3.9828  2.46885
46200  6.48543  -3.9597  2.52572
46300  6.52639  -3.97073  2.55566
46400  6.76097  -4.05114  2.70983
46500  6.71604  -3.97266  2.74338
46600  6.81438  -4.0633  2.75108
46700  6.74209  -3.96287  2.77923
46800  6.76319  -3.90026  2.86293
46900  6.93269  -3.99448  2.93821
47000  7.00447  -3.96356  3.04091
47100  7.185  -4.00312  3.18188
47200  7.41339  -4.14799  3.2654
47300  7.45822  -4.07914  3.37908
47400  7.59453  -4.0558  3.53873
47500  7.54078  -3.93355  3.60724
47600  7.65261  -3.94462  3.70799
47700  7.87012  -4.05949  3.81062
47800  7.86452  -3.94025  3.92426
47900  8.11781  -4.06021  4.05761
48000  8.22123  -4.09391  4.12732
48100  8.34561  -4.03024  4.31537
48200  8.39451  -3.99614  4.39836
48300  8.47546  -3.94364  4.53182
48400  8.63861  -4.06001  4.5786
48500  8.6511  -4.033  4.6181
48600  8.80106  -3.97324  4.82781
48700  8.79701  -3.83118  4.96584
48800  9.12247  -4.06225  5.06022
48900  9.15611  -3.98132  5.17479
49000  9.42051  -4.08672  5.3338
49100  9.44348  -4.02123  5.42226
49200  9.49675  -4.01074  5.48601
49300  9.65274  -4.01683  5.63592
49400  9.5942  -3.924  5.67019
49500  9.84046  -4.12137  5.71909
49600  9.77649  -4.01216  5.76433
49700  10.3075  -4.07339  6.23409
49800  10.3366  -3.99973  6.33683
49900  10.5763  -4.06276  6.5135
50000  10.674  -3.99764  6.67637
