0  0.737516  -2.21162  -1.4741
100  1.49362  -2.96767  -1.47405
200  2.30248  -3.77653  -1.47405
300  1.94744  -3.42138  -1.47394
400  1.50984  -2.98359  -1.47375
500  1.25943  -2.73313  -1.47371
600  1.11705  -2.59066  -1.47361
700  1.03694  -2.51053  -1.47358
800  0.992543  -2.46613  -1.47358
900  0.948069  -2.42165  -1.47358
1000  0.985419  -2.459  -1.47358
1100  0.920956  -2.39454  -1.47358
1200  0.913657  -2.38724  -1.47359
1300  0.895218  -2.3688  -1.47358
1400  0.884182  -2.35776  -1.47358
1500  0.90105  -2.37461  -1.47356
1600  0.84474  -2.31827  -1.47353
1700  0.846956  -2.32048  -1.47353
1800  0.906964  -2.38049  -1.47353
1900  0.887116  -2.36065  -1.47353
2000  0.864473  -2.338  -1.47353
2100  0.927141  -2.40067  -1.47353
2200  0.92511  -2.39864  -1.47353
2300  0.876245  -2.34977  -1.47353
2400  0.944677  -2.41821  -1.47353
2500  0.924808  -2.39833  -1.47353
2600  0.93574  -2.40927  -1.47353
2700  0.959175  -2.43271  -1.47353
2800  0.991842  -2.46537  -1.47353
2900  1.02055  -2.49408  -1.47353
3000  1.06122  -2.53474  -1.47353
3100  1.04464  -2.51817  -1.47353
3200  1.04312  -2.51665  -1.47353
3300  1.07391  -2.54744  -1.47353
3400  1.12318  -2.59671  -1.47353
3500  1.0338  -2.50733  -1.47353
3600  1.05602  -2.52955  -1.47353
3700  1.02113  -2.49466  -1.47353
3800  1.10028  -2.57381  -1.47353
3900  1.02119  -2.49471  -1.47353
4000  1.01815  -2.49168  -1.47353
4100  1.04432  -2.51784  -1.47352
4200  1.09442  -2.56795  -1.47353
4300  1.09486  -2.56838  -1.47353
4400  1.08573  -2.55926  -1.47353
4500  1.1273  -2.60082  -1.47352
4600  1.10783  -2.58135  -1.47352
4700  1.10354  -2.57706  -1.47352
4800  1.11332  -2.58685  -1.47353
4900  1.1291  -2.60262  -1.47352
5000  1.08118  -2.55468  -1.47351
5100  1.09328  -2.5668  -1.47352
5200  1.11777  -2.59129  -1.47352
5300  1.16214  -2.63566  -1.47352
5400  1.15042  -2.62394  -1.47352
5500  1.18499  -2.65852  -1.47353
5600  1.24051  -2.71404  -1.47353
5700  1.21349  -2.68702  -1.47353
5800  1.20218  -2.67571  -1.47353
5900  1.21174  -2.68526  -1.47353
6000  1.19157  -2.66509  -1.47352
6100  1.22102  -2.69455  -1.47353
6200  1.20978  -2.6833  -1.47352
6300  1.19425  -2.66777  -1.47352
6400  1.2207  -2.69423  -1.47353
6500  1.1529  -2.62642  -1.47352
6600  1.24126  -2.71479  -1.47353
6700  1.20357  -2.6771  -1.47352
6800  1.21704  -2.69056  -1.47352
6900  1.21094  -2.68446  -1.47352
7000  1.11419  -2.58771  -1.47351
7100  1.17647  -2.64998  -1.47351
7200  1.15186  -2.62538  -1.47352
7300  1.20457  -2.67809  -1.47352
7400  1.12845  -2.60197  -1.47352
7500  1.14061  -2.61413  -1.47351
7600  1.21224  -2.68576  -1.47352
7700  1.12656  -2.60008  -1.47352
7800  1.17125  -2.64476  -1.47351
7900  1.15656  -2.63008  -1.47351
8000  1.20908  -2.68259  -1.47352
8100  1.09894  -2.57245  -1.47351
8200  1.09772  -2.57123  -1.47351
8300  1.09188  -2.56539  -1.47351
8400  1.15193  -2.62545  -1.47351
8500  1.11553  -2.58905  -1.47352
8600  1.16454  -2.63805  -1.47351
8700  1.13559  -2.60911  -1.47351
8800  1.17464  -2.64816  -1.47352
8900  1.18828  -2.66179  -1.47351
9000  1.17165  -2.64516  -1.47351
9100  1.15833  -2.63183  -1.47351
9200  1.13014  -2.60364  -1.4735
9300  1.13267  -2.60618  -1.47351
9400  1.17874  -2.65224  -1.47351
9500  1.14264  -2.61615  -1.47351
9600  1.15167  -2.62517  -1.47351
9700  1.16278  -2.63629  -1.47351
9800  1.1886  -2.66211  -1.47351
9900  1.12456  -2.59806  -1.47351
10000  1.12713  -2.60064  -1.47351
10100  1.12347  -2.59697  -1.47351
10200  1.18515  -2.65867  -1.47352
10300  1.13454  -2.60806  -1.47351
10400  1.20168  -2.6752  -1.47352
10500  1.18572  -2.65924  -1.47351
10600  1.18705  -2.66056  -1.47351
10700  1.14  -2.61351  -1.47351
10800  1.18541  -2.65893  -1.47352
10900  1.18876  -2.66228  -1.47352
11000  1.12242  -2.59592  -1.47351
11100  1.13733  -2.61084  -1.47351
11200  1.10523  -2.57874  -1.47351
11300  1.14831  -2.62181  -1.47351
11400  1.08891  -2.56242  -1.47351
11500  1.16444  -2.63794  -1.4735
11600  1.09029  -2.56379  -1.4735
11700  1.12238  -2.59588  -1.4735
11800  1.1471  -2.6206  -1.4735
11900  1.09278  -2.56628  -1.4735
12000  1.13321  -2.60671  -1.4735
12100  1.15927  -2.63278  -1.4735
12200  1.2277  -2.7012  -1.47351
12300  1.18425  -2.65776  -1.4735
12400  1.19663  -2.67013  -1.4735
12500  1.15101  -2.62451  -1.4735
12600  1.1648  -2.6383  -1.4735
12700  1.1349  -2.60841  -1.47351
12800  1.13273  -2.60624  -1.47351
12900  1.17173  -2.64524  -1.4735
13000  1.21241  -2.68592  -1.47351
13100  1.21491  -2.68842  -1.47351
13200  1.16712  -2.64063  -1.47351
13300  1.15478  -2.62828  -1.4735
13400  1.14369  -2.6172  -1.47351
13500  1.1163  -2.58981  -1.4735
13600  1.11655  -2.59007  -1.47352
13700  1.15888  -2.6324  -1.47352
13800  1.11002  -2.58353  -1.47351
13900  1.09893  -2.57244  -1.47351
14000  1.04442  -2.51793  -1.47351
14100  1.05561  -2.52912  -1.47351
14200  1.01281  -2.48631  -1.4735
14300  1.02333  -2.49684  -1.47351
14400  1.09598  -2.56948  -1.4735
14500  1.07071  -2.54422  -1.4735
14600  1.00857  -2.48207  -1.4735
14700  1.05233  -2.52583  -1.4735
14800  1.08493  -2.55844  -1.4735
14900  1.11411  -2.58761  -1.4735
15000  1.11299  -2.58649  -1.4735
15100  1.13569  -2.6092  -1.47351
15200  1.08214  -2.55564  -1.4735
15300  1.15888  -2.63238  -1.4735
15400  1.13099  -2.6045  -1.4735
15500  1.14256  -2.61607  -1.47351
15600  1.17741  -2.65092  -1.47351
15700  1.19241  -2.66592  -1.47351
15800  1.21088  -2.68439  -1.4735
15900  1.1785  -2.65201  -1.47351
16000  1.17766  -2.65117  -1.47351
16100  1.2251  -2.69862  -1.47351
16200  1.20133  -2.67484  -1.47351
16300  1.14905  -2.62255  -1.4735
16400  1.16555  -2.63905  -1.4735
16500  1.15652  -2.63003  -1.47351
16600  1.12407  -2.59757  -1.4735
16700  1.11971  -2.59322  -1.4735
16800  1.08381  -2.55731  -1.4735
16900  1.08024  -2.55374  -1.4735
17000  1.05182  -2.52532  -1.4735
17100  1.06159  -2.53509  -1.4735
17200  1.04848  -2.52198  -1.4735
17300  1.03133  -2.50483  -1.4735
17400  1.09496  -2.56847  -1.4735
17500  1.12654  -2.60005  -1.4735
17600  1.12683  -2.60033  -1.4735
17700  1.07486  -2.54837  -1.47351
17800  1.0921  -2.56561  -1.47351
17900  1.14334  -2.61685  -1.47351
18000  1.06398  -2.53749  -1.47351
18100  1.10447  -2.57798  -1.47351
18200  1.06627  -2.53978  -1.47351
18300  1.06359  -2.53709  -1.4735
18400  1.04175  -2.51527  -1.47351
18500  1.06783  -2.54134  -1.47351
18600  1.06078  -2.53429  -1.47351
18700  1.06841  -2.54193  -1.47352
18800  1.10809  -2.5816  -1.47351
18900  1.08369  -2.5572  -1.47351
19000  1.0595  -2.53301  -1.47351
19100  1.1346  -2.60812  -1.47352
19200  1.09497  -2.56848  -1.47351
19300  1.10456  -2.57806  -1.4735
19400  1.07801  -2.5515  -1.47349
19500  1.13689  -2.61038  -1.47349
19600  1.12672  -2.60023  -1.4735
19700  1.14156  -2.61506  -1.4735
19800  1.19176  -2.66526  -1.4735
19900  1.18084  -2.65435  -1.4735
20000  1.10629  -2.57979  -1.4735
20100  1.13175  -2.60524  -1.4735
20200  1.13062  -2.60412  -1.4735
20300  1.16243  -2.63593  -1.4735
20400  1.18126  -2.65477  -1.47351
20500  1.14112  -2.61463  -1.47351
20600  1.13009  -2.60358  -1.47349
20700  1.15699  -2.63049  -1.4735
20800  1.18685  -2.66034  -1.47349
20900  1.14825  -2.62174  -1.47349
21000  1.17362  -2.64709  -1.47347
21100  1.12939  -2.60286  -1.47347
21200  1.18314  -2.65661  -1.47347
21300  1.17409  -2.64754  -1.47345
21400  1.17778  -2.65122  -1.47345
21500  1.2055  -2.67896  -1.47346
21600  1.21286  -2.68632  -1.47346
21700  1.17721  -2.65066  -1.47346
21800  1.21601  -2.68947  -1.47347
21900  1.13226  -2.60572  -1.47346
22000  1.1363  -2.60977  -1.47347
22100  1.17867  -2.65214  -1.47347
22200  1.16406  -2.63753  -1.47346
22300  1.15811  -2.63156  -1.47345
22400  1.14973  -2.62317  -1.47345
22500  1.1614  -2.63484  -1.47344
22600  1.0599  -2.53334  -1.47344
22700  1.1152  -2.58864  -1.47344
22800  1.13687  -2.61031  -1.47344
22900  1.08094  -2.55436  -1.47342
23000  1.1423  -2.61573  -1.47343
23100  1.10898  -2.5824  -1.47342
23200  1.1528  -2.62623  -1.47343
23300  1.09983  -2.57326  -1.47343
23400  1.15025  -2.62367  -1.47342
23500  1.11242  -2.58584  -1.47342
23600  1.03717  -2.51053  -1.47336
23700  1.06729  -2.54067  -1.47337
23800  1.04102  -2.51439  -1.47337
23900  1.01838  -2.49175  -1.47337
24000  0.991833  -2.4652  -1.47337
24100  0.998535  -2.47189  -1.47335
24200  1.00835  -2.4817  -1.47335
24300  0.990991  -2.46433  -1.47334
24400  1.03619  -2.50953  -1.47334
24500  1.04596  -2.51929  -1.47334
24600  1.02351  -2.49685  -1.47334
24700  1.05579  -2.52914  -1.47334
24800  1.04785  -2.52119  -1.47334
24900  1.11464  -2.58797  -1.47334
25000  1.1234  -2.59674  -1.47334
25100  1.10199  -2.57533  -1.47334
25200  1.09988  -2.57322  -1.47334
25300  1.07335  -2.54668  -1.47334
25400  1.13041  -2.60377  -1.47336
25500  1.07156  -2.54491  -1.47335
25600  1.03348  -2.50683  -1.47335
25700  1.0593  -2.53264  -1.47334
25800  1.07962  -2.55296  -1.47334
25900  1.02685  -2.50018  -1.47333
26000  1.00963  -2.48296  -1.47333
26100  1.09054  -2.56388  -1.47333
26200  1.01953  -2.49285  -1.47333
26300  1.1032  -2.57651  -1.47331
26400  1.02921  -2.50251  -1.4733
26500  1.03206  -2.50536  -1.4733
26600  1.0946  -2.56791  -1.47331
26700  1.09678  -2.57008  -1.4733
26800  1.09022  -2.56352  -1.47331
26900  1.09438  -2.56768  -1.4733
27000  1.07229  -2.54559  -1.4733
27100  1.11108  -2.58439  -1.47331
27200  1.12617  -2.59947  -1.4733
27300  1.16402  -2.63731  -1.4733
27400  1.16762  -2.64092  -1.47331
27500  1.14696  -2.62025  -1.47329
27600  1.19737  -2.67067  -1.4733
27700  1.16698  -2.64028  -1.4733
27800  1.14712  -2.62043  -1.47331
27900  1.17791  -2.65119  -1.47328
28000  1.18581  -2.6591  -1.47328
28100  1.18305  -2.65633  -1.47327
28200  1.15902  -2.63229  -1.47327
28300  1.17783  -2.65108  -1.47325
28400  1.14857  -2.62183  -1.47326
28500  1.16449  -2.63779  -1.47329
28600  1.12155  -2.59484  -1.47328
28700  1.1138  -2.58708  -1.47328
28800  1.12564  -2.59891  -1.47327
28900  1.14485  -2.61815  -1.4733
29000  1.11896  -2.59233  -1.47337
29100  1.10576  -2.57913  -1.47337
29200  1.17  -2.64338  -1.47338
29300  1.09456  -2.56794  -1.47338
29400  1.08674  -2.56012  -1.47338
29500  1.13079  -2.60414  -1.47335
29600  1.09907  -2.57241  -1.47335
29700  1.05996  -2.5333  -1.47334
29800  1.04434  -2.51777  -1.47343
29900  1.15033  -2.62377  -1.47344
30000  1.06922  -2.54266  -1.47344
30100  1.08039  -2.55383  -1.47344
30200  1.07379  -2.54722  -1.47344
30300  1.105  -2.57844  -1.47345
30400  1.06069  -2.53413  -1.47344
30500  1.03985  -2.5133  -1.47344
30600  1.05106  -2.5245  -1.47344
30700  1.04355  -2.51699  -1.47344
30800  1.03696  -2.5104  -1.47344
30900  1.09474  -2.56818  -1.47344
31000  1.08633  -2.55977  -1.47343
31100  1.10034  -2.57378  -1.47344
31200  1.08231  -2.55575  -1.47344
31300  1.07499  -2.54842  -1.47343
31400  1.0435  -2.51693  -1.47344
31500  1.0411  -2.51453  -1.47343
31600  1.13555  -2.60898  -1.47343
31700  1.09645  -2.56988  -1.47343
31800  1.1023  -2.57574  -1.47344
31900  1.16418  -2.63762  -1.47343
32000  1.13809  -2.61152  -1.47343
32100  1.15415  -2.62758  -1.47343
32200  1.18552  -2.65895  -1.47343
32300  1.13642  -2.60985  -1.47343
32400  1.15778  -2.63121  -1.47343
32500  1.15551  -2.62895  -1.47344
32600  1.12256  -2.59598  -1.47343
32700  1.16194  -2.63536  -1.47343
32800  1.07422  -2.54764  -1.47342
32900  1.05219  -2.52561  -1.47342
33000  1.08592  -2.55935  -1.47342
33100  1.0718  -2.54522  -1.47342
33200  1.10055  -2.57396  -1.47342
33300  1.05207  -2.52549  -1.47342
33400  1.05222  -2.52564  -1.47342
33500  1.04962  -2.52304  -1.47342
33600  1.06153  -2.53495  -1.47341
33700  1.07748  -2.55089  -1.47341
33800  1.06255  -2.53597  -1.47342
33900  1.03819  -2.51161  -1.47342
34000  1.08574  -2.55916  -1.47342
34100  1.09121  -2.56463  -1.47342
34200  1.0818  -2.55521  -1.47342
34300  1.05273  -2.52615  -1.47342
34400  1.0343  -2.50772  -1.47342
34500  1.04368  -2.5171  -1.47342
34600  1.03256  -2.50598  -1.47342
34700  1.04496  -2.51838  -1.47342
34800  1.04707  -2.52049  -1.47342
34900  1.04755  -2.52097  -1.47342
35000  1.03491  -2.50833  -1.47342
35100  1.03061  -2.50403  -1.47341
35200  1.06409  -2.53751  -1.47341
35300  1.04974  -2.52316  -1.47341
35400  1.07747  -2.55089  -1.47342
35500  1.05382  -2.52723  -1.47342
35600  1.0743  -2.54771  -1.47342
35700  0.990784  -2.46419  -1.47341
35800  1.09675  -2.57016  -1.47341
35900  1.06364  -2.53705  -1.47341
36000  1.07065  -2.54406  -1.47341
36100  1.07355  -2.54696  -1.47341
36200  1.06799  -2.5414  -1.47341
36300  1.03934  -2.51274  -1.4734
36400  1.07199  -2.5454  -1.47341
36500  1.03478  -2.50819  -1.47341
36600  1.08327  -2.55669  -1.47342
36700  1.13666  -2.61008  -1.47342
36800  1.14339  -2.61681  -1.47342
36900  1.1012  -2.57462  -1.47342
37000  1.10402  -2.57744  -1.47342
37100  1.10252  -2.57594  -1.47342
37200  1.12264  -2.59606  -1.47342
37300  1.02342  -2.49683  -1.47341
37400  1.0682  -2.54161  -1.47341
37500  1.05796  -2.53138  -1.47341
37600  1.01645  -2.48985  -1.47341
37700  1.03891  -2.51232  -1.47341
37800  0.995217  -2.46863  -1.47341
37900  1.00728  -2.48069  -1.47341
38000  0.969992  -2.44339  -1.4734
38100  0.992266  -2.46567  -1.47341
38200  0.998268  -2.47168  -1.47341
38300  0.99017  -2.46358  -1.47341
38400  0.998485  -2.47189  -1.4734
38500  0.989604  -2.46301  -1.47341
38600  0.976465  -2.44986  -1.4734
38700  1.01204  -2.48544  -1.4734
38800  1.02052  -2.49392  -1.4734
38900  1.05076  -2.52417  -1.4734
39000  1.01741  -2.49082  -1.4734
39100  1.02854  -2.50194  -1.4734
39200  1.05844  -2.53184  -1.4734
39300  1.0307  -2.5041  -1.4734
39400  1.04953  -2.52292  -1.4734
39500  1.03589  -2.50929  -1.4734
39600  1.06838  -2.54178  -1.47339
39700  0.997734  -2.47113  -1.4734
39800  1.02229  -2.49569  -1.4734
39900  1.03932  -2.51272  -1.4734
40000  1.01104  -2.48443  -1.47339
40100  1.08499  -2.5584  -1.4734
40200  1.06759  -2.54099  -1.4734
40300  1.13289  -2.6063  -1.47341
40400  1.06024  -2.53364  -1.4734
40500  1.13542  -2.60881  -1.4734
40600  1.13542  -2.60882  -1.4734
40700  1.12331  -2.59671  -1.47339
40800  1.06598  -2.53937  -1.47339
40900  1.05805  -2.53145  -1.47339
41000  1.07615  -2.54954  -1.47339
41100  1.01596  -2.48935  -1.47339
41200  1.03695  -2.51034  -1.47339
41300  1.02622  -2.49961  -1.47339
41400  1.06213  -2.53552  -1.47339
41500  1.00365  -2.47704  -1.47339
41600  1.07815  -2.55154  -1.47339
41700  1.07394  -2.54733  -1.47339
41800  1.06836  -2.54174  -1.47338
41900  1.08509  -2.55847  -1.47338
42000  1.07086  -2.54424  -1.47338
42100  1.03349  -2.50687  -1.47338
42200  1.08619  -2.55957  -1.47338
42300  1.07517  -2.54856  -1.47338
42400  1.10452  -2.57791  -1.47339
42500  1.10623  -2.57961  -1.47338
42600  0.998087  -2.47147  -1.47338
42700  1.10398  -2.57736  -1.47338
42800  1.00984  -2.48321  -1.47337
42900  1.05415  -2.52753  -1.47338
43000  1.02905  -2.50243  -1.47338
43100  0.997646  -2.47103  -1.47338
43200  1.02561  -2.49898  -1.47338
43300  1.02351  -2.49688  -1.47337
43400  1.02561  -2.49898  -1.47338
43500  0.986377  -2.45975  -1.47338
43600  1.01464  -2.48801  -1.47337
43700  1.02296  -2.49634  -1.47338
43800  1.06863  -2.54201  -1.47338
43900  1.07538  -2.54876  -1.47338
44000  1.04408  -2.51747  -1.47338
44100  1.13779  -2.61118  -1.47338
44200  1.1121  -2.58548  -1.47338
44300  1.12498  -2.59836  -1.47339
44400  1.12762  -2.601  -1.47338
44500  1.08128  -2.55465  -1.47338
44600  1.1019  -2.57528  -1.47338
44700  1.11925  -2.59263  -1.47338
44800  1.06542  -2.5388  -1.47338
44900  1.05544  -2.52882  -1.47338
45000  1.08507  -2.55845  -1.47338
45100  1.02279  -2.49617  -1.47338
45200  0.990971  -2.46435  -1.47338
45300  1.03563  -2.50901  -1.47338
45400  0.995822  -2.4692  -1.47338
45500  1.00635  -2.47972  -1.47338
45600  1.01183  -2.48521  -1.47338
45700  1.08302  -2.55641  -1.47338
45800  1.07795  -2.55133  -1.47339
45900  1.07981  -2.55319  -1.47338
46000  1.10215  -2.57553  -1.47338
46100  1.11251  -2.58589  -1.47338
46200  1.09048  -2.56386  -1.47338
46300  1.07719  -2.55057  -1.47338
46400  1.03946  -2.51284  -1.47338
46500  1.06115  -2.53453  -1.47338
46600  1.0945  -2.56788  -1.47338
46700  1.03826  -2.51164  -1.47338
46800  1.05067  -2.52405  -1.47338
46900  1.00247  -2.47585  -1.47337
47000  1.02776  -2.50114  -1.47337
47100  1.01119  -2.48457  -1.47338
47200  0.952812  -2.42618  -1.47337
47300  0.97881  -2.45218  -1.47337
47400  0.992672  -2.46605  -1.47338
47500  1.03257  -2.50595  -1.47338
47600  0.973956  -2.44733  -1.47338
47700  0.946607  -2.41998  -1.47338
47800  0.946178  -2.41956  -1.47338
47900  0.948381  -2.42176  -1.47338
48000  0.986244  -2.45962  -1.47337
48100  1.00752  -2.48089  -1.47337
48200  0.975197  -2.44857  -1.47337
48300  1.00655  -2.47992  -1.47338
48400  1.0479  -2.52128  -1.47338
48500  1.03086  -2.50424  -1.47338
48600  1.03392  -2.5073  -1.47338
48700  1.02142  -2.4948  -1.47338
48800  0.981526  -2.4549  -1.47337
48900  0.9794  -2.45277  -1.47337
49000  1.00795  -2.48133  -1.47338
49100  0.954393  -2.42777  -1.47337
49200  0.99984  -2.47322  -1.47338
49300  1.02636  -2.49974  -1.47338
49400  1.02484  -2.49823  -1.47338
49500  1.06395  -2.53733  -1.47338
49600  1.05496  -2.52835  -1.47338
49700  1.12331  -2.5967  -1.47339
49800  1.08628  -2.55966  -1.47338
49900  1.08719  -2.56057  -1.47338
50000  1.08813  -2.56151  -1.47338
50100  1.07409  -2.54747  -1.47338
50200  1.02029  -2.49367  -1.47338
50300  1.0338  -2.50718  -1.47338
50400  1.01316  -2.48654  -1.47338
50500  1.0439  -2.51727  -1.47338
50600  0.987541  -2.46092  -1.47337
50700  1.00118  -2.47456  -1.47338
50800  1.03183  -2.50521  -1.47337
50900  1.00161  -2.47499  -1.47338
51000  1.07423  -2.54761  -1.47338
51100  1.07058  -2.54396  -1.47338
51200  1.07864  -2.55203  -1.47338
51300  1.13887  -2.61225  -1.47338
51400  1.15574  -2.62911  -1.47338
51500  1.15323  -2.62661  -1.47338
51600  1.12353  -2.5969  -1.47338
51700  1.1615  -2.63488  -1.47338
51800  1.16248  -2.63585  -1.47337
51900  1.06834  -2.54171  -1.47337
52000  1.05014  -2.52351  -1.47337
52100  1.09222  -2.56559  -1.47337
52200  1.09119  -2.56457  -1.47337
52300  1.06633  -2.5397  -1.47337
52400  1.06214  -2.53551  -1.47337
52500  1.03496  -2.50833  -1.47337
52600  1.1006  -2.57397  -1.47337
52700  1.1122  -2.58557  -1.47338
52800  1.02926  -2.50263  -1.47337
52900  1.10284  -2.57622  -1.47338
53000  1.06096  -2.53432  -1.47337
53100  1.05772  -2.53108  -1.47336
53200  1.034  -2.50737  -1.47337
53300  1.02559  -2.49896  -1.47337
53400  0.98329  -2.45665  -1.47336
53500  1.03264  -2.50601  -1.47336
53600  1.04793  -2.52129  -1.47336
53700  0.992342  -2.4657  -1.47336
53800  1.02296  -2.49632  -1.47336
53900  1.06489  -2.53825  -1.47336
54000  1.03182  -2.50518  -1.47336
54100  1.05232  -2.52569  -1.47336
54200  1.10412  -2.57749  -1.47336
54300  1.07822  -2.55158  -1.47336
54400  1.09712  -2.57048  -1.47336
54500  1.06559  -2.53895  -1.47336
54600  1.08025  -2.55361  -1.47336
54700  1.08172  -2.55508  -1.47336
54800  1.10524  -2.5786  -1.47336
54900  1.04004  -2.51339  -1.47335
55000  1.034  -2.50735  -1.47335
55100  1.0258  -2.49916  -1.47336
55200  1.03476  -2.50813  -1.47336
55300  1.02827  -2.50163  -1.47336
55400  1.0399  -2.51326  -1.47336
55500  1.01084  -2.4842  -1.47336
55600  1.03921  -2.51257  -1.47337
55700  1.02675  -2.50012  -1.47337
55800  1.02883  -2.50219  -1.47336
55900  1.10998  -2.58334  -1.47336
56000  1.07527  -2.54864  -1.47337
56100  1.09106  -2.56442  -1.47336
56200  1.09218  -2.56554  -1.47336
56300  1.14548  -2.61884  -1.47336
56400  1.12301  -2.59637  -1.47336
56500  1.07949  -2.55285  -1.47336
56600  0.995148  -2.4685  -1.47335
56700  1.08729  -2.56065  -1.47336
56800  1.01227  -2.48563  -1.47336
56900  0.986367  -2.45973  -1.47336
57000  0.984037  -2.4574  -1.47336
57100  1.00823  -2.48159  -1.47336
57200  1.02678  -2.50015  -1.47337
57300  1.00868  -2.48203  -1.47336
57400  1.03728  -2.51064  -1.47335
57500  1.04179  -2.51514  -1.47336
57600  1.06886  -2.54221  -1.47336
57700  1.09776  -2.57112  -1.47336
57800  1.06838  -2.54174  -1.47336
57900  1.1108  -2.58416  -1.47336
58000  1.08195  -2.55531  -1.47336
58100  1.13378  -2.60714  -1.47336
58200  1.09978  -2.57314  -1.47336
58300  1.10009  -2.57345  -1.47336
58400  1.03642  -2.50978  -1.47336
58500  1.01549  -2.48885  -1.47336
58600  1.06283  -2.53619  -1.47336
58700  1.02595  -2.49931  -1.47336
58800  1.06425  -2.5376  -1.47335
58900  1.10465  -2.578  -1.47336
59000  1.08592  -2.55927  -1.47335
59100  1.12148  -2.59484  -1.47335
59200  1.11823  -2.59158  -1.47335
59300  1.11437  -2.58771  -1.47334
59400  1.09371  -2.56705  -1.47334
59500  1.14884  -2.62219  -1.47334
59600  1.13528  -2.60863  -1.47334
59700  1.15783  -2.63119  -1.47336
59800  1.14329  -2.61663  -1.47335
59900  1.11935  -2.5927  -1.47335
60000  1.15139  -2.62474  -1.47335
60100  1.11  -2.58335  -1.47335
60200  1.07379  -2.54714  -1.47334
60300  1.09234  -2.56569  -1.47335
60400  1.13887  -2.61221  -1.47334
60500  1.07741  -2.55076  -1.47335
60600  1.05321  -2.52655  -1.47334
60700  1.08162  -2.55497  -1.47334
60800  1.04644  -2.51978  -1.47334
60900  1.06535  -2.5387  -1.47335
61000  1.06301  -2.53636  -1.47336
61100  1.06119  -2.53454  -1.47335
61200  1.05995  -2.5333  -1.47335
61300  1.06343  -2.53678  -1.47335
61400  1.04839  -2.52173  -1.47334
61500  1.08619  -2.55953  -1.47335
61600  1.06264  -2.53598  -1.47335
61700  1.15309  -2.62645  -1.47335
61800  1.0797  -2.55305  -1.47335
61900  1.13157  -2.60491  -1.47335
62000  1.06341  -2.53676  -1.47334
62100  1.07544  -2.54878  -1.47334
62200  1.09438  -2.56772  -1.47334
62300  1.05734  -2.53068  -1.47334
62400  1.03863  -2.51197  -1.47334
62500  0.983496  -2.45683  -1.47334
62600  1.02535  -2.4987  -1.47334
62700  0.965013  -2.43835  -1.47334
62800  0.987048  -2.46038  -1.47333
62900  0.957945  -2.43128  -1.47333
63000  0.990442  -2.46378  -1.47333
63100  0.939242  -2.41257  -1.47333
63200  1.02466  -2.498  -1.47334
63300  1.02502  -2.49835  -1.47334
63400  1.07168  -2.54501  -1.47333
63500  1.13637  -2.60971  -1.47334
63600  1.08694  -2.56027  -1.47333
63700  1.127  -2.60034  -1.47334
63800  1.13033  -2.60366  -1.47333
63900  1.18489  -2.65822  -1.47334
64000  1.15471  -2.62804  -1.47333
64100  1.19862  -2.67196  -1.47333
64200  1.16114  -2.63448  -1.47334
64300  1.09676  -2.57009  -1.47333
64400  1.07217  -2.5455  -1.47333
64500  1.13566  -2.60899  -1.47333
64600  1.09734  -2.57067  -1.47333
64700  1.12931  -2.60264  -1.47333
64800  1.11283  -2.58616  -1.47333
64900  1.08517  -2.5585  -1.47333
65000  1.12261  -2.59594  -1.47333
65100  1.08694  -2.56027  -1.47333
65200  1.05925  -2.53258  -1.47333
65300  1.01912  -2.49245  -1.47333
65400  1.05105  -2.52438  -1.47333
65500  1.00456  -2.47788  -1.47333
65600  1.02339  -2.49672  -1.47333
65700  1.02758  -2.50091  -1.47333
65800  1.0961  -2.56943  -1.47333
65900  1.08471  -2.55804  -1.47333
66000  1.11935  -2.59268  -1.47333
66100  1.08521  -2.55854  -1.47333
66200  1.02031  -2.49364  -1.47333
66300  1.05622  -2.52955  -1.47333
66400  1.09388  -2.56721  -1.47333
66500  1.07837  -2.55169  -1.47332
66600  1.10511  -2.57844  -1.47333
66700  1.06897  -2.54229  -1.47333
66800  1.09454  -2.56786  -1.47332
66900  1.08004  -2.55336  -1.47333
67000  1.07886  -2.55219  -1.47333
67100  1.08468  -2.55801  -1.47333
67200  1.03218  -2.50551  -1.47333
67300  1.01752  -2.49084  -1.47332
67400  1.03336  -2.50668  -1.47332
67500  1.00791  -2.48122  -1.47331
67600  1.03734  -2.51065  -1.47332
67700  1.05908  -2.5324  -1.47331
67800  1.04409  -2.51741  -1.47332
67900  1.04729  -2.52061  -1.47332
68000  1.04222  -2.51554  -1.47332
68100  1.00248  -2.4758  -1.47332
68200  1.02785  -2.50117  -1.47332
68300  1.07169  -2.54501  -1.47332
68400  1.05792  -2.53134  -1.47342
68500  1.02016  -2.49359  -1.47343
68600  1.09608  -2.56952  -1.47343
68700  1.05721  -2.53065  -1.47343
68800  0.973756  -2.44719  -1.47343
68900  1.02565  -2.49909  -1.47343
69000  0.995077  -2.46851  -1.47343
69100  1.02888  -2.50231  -1.47343
69200  0.979057  -2.45248  -1.47342
69300  1.04004  -2.51347  -1.47343
69400  1.0792  -2.55263  -1.47343
69500  1.11056  -2.58398  -1.47342
69600  1.02507  -2.4985  -1.47343
69700  1.07306  -2.54649  -1.47343
69800  1.08054  -2.55397  -1.47343
69900  1.06745  -2.54088  -1.47343
70000  1.12593  -2.59935  -1.47342
70100  1.11251  -2.58592  -1.47342
70200  1.10984  -2.58326  -1.47342
70300  1.0969  -2.57032  -1.47342
70400  1.14477  -2.61818  -1.47342
70500  1.07701  -2.55043  -1.47342
70600  1.12717  -2.60059  -1.47342
70700  1.04976  -2.52321  -1.47345
70800  1.08671  -2.56016  -1.47345
70900  1.06997  -2.54343  -1.47345
71000  1.08636  -2.55981  -1.47345
71100  1.02374  -2.49718  -1.47345
71200  1.12672  -2.60017  -1.47345
71300  1.11403  -2.58748  -1.47345
71400  1.06456  -2.538  -1.47345
71500  1.14882  -2.62227  -1.47345
71600  1.10983  -2.58327  -1.47345
71700  1.12016  -2.59362  -1.47346
71800  1.12335  -2.5968  -1.47345
71900  1.15346  -2.62691  -1.47345
72000  1.1179  -2.59135  -1.47345
72100  1.14017  -2.61362  -1.47345
72200  1.10121  -2.57466  -1.47344
72300  1.076  -2.54944  -1.47345
72400  1.13508  -2.60853  -1.47345
72500  1.07273  -2.54618  -1.47345
72600  1.06735  -2.5408  -1.47345
72700  1.07841  -2.55185  -1.47345
72800  1.06794  -2.54139  -1.47345
72900  1.08108  -2.55452  -1.47344
73000  1.14359  -2.61704  -1.47345
73100  1.09071  -2.56416  -1.47345
73200  1.13308  -2.60653  -1.47345
73300  1.06767  -2.54112  -1.47345
73400  1.10278  -2.57622  -1.47344
73500  1.11517  -2.58861  -1.47344
73600  1.09991  -2.57334  -1.47343
73700  1.10532  -2.57876  -1.47344
73800  1.11123  -2.58467  -1.47344
73900  1.07384  -2.54728  -1.47344
74000  1.10852  -2.58196  -1.47344
74100  1.10103  -2.57447  -1.47344
74200  1.15655  -2.63  -1.47344
74300  1.10844  -2.58188  -1.47344
74400  1.15264  -2.62608  -1.47344
74500  1.15269  -2.62614  -1.47344
74600  1.16065  -2.63409  -1.47344
74700  1.16563  -2.63908  -1.47345
74800  1.24395  -2.7174  -1.47345
74900  1.15276  -2.6262  -1.47344
75000  1.18515  -2.65859  -1.47344
75100  1.14581  -2.61925  -1.47344
75200  1.17621  -2.64965  -1.47345
75300  1.08676  -2.56021  -1.47345
75400  1.10104  -2.57449  -1.47345
75500  1.02403  -2.49747  -1.47344
75600  1.04701  -2.52045  -1.47344
75700  1.05889  -2.53233  -1.47344
75800  0.984431  -2.45787  -1.47344
75900  1.06644  -2.53989  -1.47345
76000  1.03117  -2.50462  -1.47344
76100  1.07566  -2.5491  -1.47345
76200  1.06575  -2.53919  -1.47345
76300  1.08542  -2.55887  -1.47345
76400  1.10628  -2.57974  -1.47346
76500  1.06318  -2.53663  -1.47345
76600  1.15407  -2.62752  -1.47345
76700  1.0893  -2.56275  -1.47345
76800  1.08078  -2.55423  -1.47345
76900  1.13471  -2.60817  -1.47346
77000  1.12042  -2.59388  -1.47346
77100  1.08842  -2.56187  -1.47345
77200  1.12008  -2.59354  -1.47346
77300  1.08819  -2.56165  -1.47346
77400  1.08747  -2.56092  -1.47345
77500  1.08141  -2.55486  -1.47345
77600  1.05397  -2.52742  -1.47345
77700  1.09211  -2.56556  -1.47345
77800  1.09452  -2.56797  -1.47345
77900  1.1492  -2.62265  -1.47345
78000  1.08584  -2.55929  -1.47346
78100  1.15459  -2.62804  -1.47345
78200  1.14964  -2.62309  -1.47345
78300  1.16269  -2.63614  -1.47345
78400  1.20983  -2.68328  -1.47345
78500  1.17923  -2.65268  -1.47346
78600  1.25331  -2.72677  -1.47346
78700  1.22492  -2.69837  -1.47345
78800  1.18381  -2.65727  -1.47346
78900  1.16245  -2.63591  -1.47346
79000  1.15636  -2.62982  -1.47345
79100  1.1138  -2.58725  -1.47345
79200  1.12891  -2.60236  -1.47345
79300  1.08701  -2.56046  -1.47345
79400  1.07746  -2.5509  -1.47345
79500  1.06035  -2.53379  -1.47345
79600  1.01322  -2.48667  -1.47345
79700  1.05562  -2.52908  -1.47345
79800  1.08087  -2.55432  -1.47346
79900  1.10652  -2.57997  -1.47345
80000  1.04954  -2.52299  -1.47345
80100  1.07715  -2.55061  -1.47346
80200  1.11743  -2.59088  -1.47346
80300  1.06234  -2.53579  -1.47345
80400  1.11837  -2.59182  -1.47345
80500  1.11443  -2.58789  -1.47346
80600  1.15576  -2.62922  -1.47346
80700  1.13207  -2.60553  -1.47346
80800  1.19126  -2.66472  -1.47346
80900  1.18123  -2.6547  -1.47346
81000  1.1182  -2.59165  -1.47345
81100  1.16471  -2.63817  -1.47346
81200  1.13974  -2.61319  -1.47345
81300  1.1373  -2.61075  -1.47345
81400  1.17108  -2.64453  -1.47345
81500  1.20799  -2.68144  -1.47345
81600  1.19579  -2.66924  -1.47345
81700  1.21821  -2.69167  -1.47346
81800  1.2222  -2.69566  -1.47346
81900  1.19139  -2.66485  -1.47346
82000  1.16915  -2.64261  -1.47346
82100  1.13714  -2.6106  -1.47345
82200  1.14256  -2.61602  -1.47345
82300  1.10357  -2.57701  -1.47344
82400  1.04056  -2.51401  -1.47345
82500  1.08315  -2.55659  -1.47345
82600  1.03724  -2.5108  -1.47356
82700  1.03017  -2.50373  -1.47356
82800  1.01783  -2.49138  -1.47356
82900  1.05207  -2.52563  -1.47356
83000  1.02909  -2.50264  -1.47355
83100  1.10857  -2.58213  -1.47356
83200  1.0719  -2.54546  -1.47356
83300  1.10255  -2.57611  -1.47356
83400  1.14567  -2.61923  -1.47356
83500  1.12423  -2.59779  -1.47356
83600  1.14298  -2.61653  -1.47355
83700  1.15663  -2.63019  -1.47356
83800  1.19578  -2.66933  -1.47355
83900  1.1284  -2.60194  -1.47354
84000  1.16306  -2.6366  -1.47354
84100  1.13888  -2.61241  -1.47353
84200  1.17765  -2.65118  -1.47353
84300  1.15026  -2.62379  -1.47353
84400  1.16018  -2.63371  -1.47353
84500  1.17739  -2.65092  -1.47353
84600  1.15479  -2.62831  -1.47352
84700  1.14172  -2.61524  -1.47352
84800  1.18015  -2.65367  -1.47352
84900  1.1125  -2.58602  -1.47352
85000  1.16543  -2.63895  -1.47352
85100  1.18482  -2.65835  -1.47353
85200  1.09233  -2.56585  -1.47352
85300  1.12498  -2.59851  -1.47353
85400  1.08955  -2.56307  -1.47353
85500  1.08005  -2.55357  -1.47353
85600  1.03877  -2.51229  -1.47352
85700  1.0908  -2.56432  -1.47352
85800  1.03204  -2.50556  -1.47352
85900  1.06583  -2.53936  -1.47352
86000  1.07801  -2.55153  -1.47352
86100  1.04114  -2.51466  -1.47352
86200  1.07228  -2.5458  -1.47352
86300  1.11452  -2.58804  -1.47352
86400  1.11759  -2.5911  -1.47351
86500  1.15842  -2.63194  -1.47352
86600  1.10063  -2.57415  -1.47352
86700  1.17814  -2.65166  -1.47352
86800  1.11817  -2.59169  -1.47352
86900  1.16609  -2.6396  -1.47352
87000  1.13801  -2.61152  -1.47351
87100  1.15587  -2.62938  -1.47351
87200  1.16331  -2.63683  -1.47352
87300  1.16478  -2.63829  -1.47352
87400  1.13081  -2.60432  -1.47351
87500  1.12269  -2.5962  -1.47351
87600  1.12335  -2.59686  -1.47351
87700  1.1486  -2.62211  -1.47351
87800  1.19183  -2.66535  -1.47352
87900  1.1424  -2.61592  -1.47352
88000  1.10449  -2.578  -1.47351
88100  1.10373  -2.57723  -1.4735
88200  1.14244  -2.61596  -1.47351
88300  1.15893  -2.63245  -1.47351
88400  1.15184  -2.62535  -1.47351
88500  1.18357  -2.65708  -1.47352
88600  1.16288  -2.63639  -1.47351
88700  1.21471  -2.68823  -1.47352
88800  1.19543  -2.66894  -1.47352
88900  1.17833  -2.65184  -1.47351
89000  1.2077  -2.68121  -1.47351
89100  1.20051  -2.67401  -1.4735
89200  1.15687  -2.63037  -1.4735
89300  1.14474  -2.61824  -1.4735
89400  1.13523  -2.60873  -1.4735
89500  1.13483  -2.60833  -1.4735
89600  1.12102  -2.59452  -1.4735
89700  1.07766  -2.55116  -1.4735
89800  1.06235  -2.53585  -1.4735
89900  1.1358  -2.6093  -1.4735
90000  1.06005  -2.53355  -1.4735
90100  1.09784  -2.57134  -1.4735
90200  1.077  -2.5505  -1.4735
90300  1.11677  -2.59027  -1.4735
90400  1.11789  -2.5914  -1.4735
90500  1.13272  -2.60622  -1.4735
90600  1.14358  -2.61708  -1.4735
90700  1.14953  -2.62303  -1.4735
90800  1.11976  -2.59327  -1.4735
90900  1.16585  -2.63935  -1.47351
91000  1.19795  -2.67146  -1.4735
91100  1.18483  -2.65833  -1.4735
91200  1.19552  -2.66903  -1.47351
91300  1.17552  -2.64903  -1.4735
91400  1.15068  -2.62419  -1.47351
91500  1.13214  -2.60564  -1.4735
91600  1.10473  -2.57823  -1.4735
91700  1.14459  -2.61809  -1.4735
91800  1.13453  -2.60803  -1.4735
91900  1.18236  -2.65586  -1.4735
92000  1.18125  -2.65476  -1.47351
92100  1.17964  -2.65314  -1.4735
92200  1.19473  -2.66823  -1.4735
92300  1.17099  -2.64449  -1.4735
92400  1.19413  -2.66765  -1.47352
92500  1.23392  -2.70744  -1.47351
92600  1.16151  -2.63502  -1.47351
92700  1.16991  -2.64341  -1.47351
92800  1.15027  -2.62378  -1.4735
92900  1.12732  -2.60083  -1.47351
93000  1.11922  -2.59273  -1.4735
93100  1.10275  -2.57626  -1.47351
93200  1.08342  -2.55692  -1.47351
93300  1.15781  -2.63132  -1.47351
93400  1.10481  -2.57832  -1.47351
93500  1.15426  -2.62777  -1.47351
93600  1.13166  -2.60517  -1.47351
93700  1.14887  -2.62238  -1.47351
93800  1.1178  -2.59131  -1.47351
93900  1.14867  -2.62218  -1.47351
94000  1.181  -2.65451  -1.47351
94100  1.11856  -2.59206  -1.47351
94200  1.16282  -2.63632  -1.47351
94300  1.14185  -2.61535  -1.47351
94400  1.19584  -2.66934  -1.4735
94500  1.21829  -2.6918  -1.47351
94600  1.21618  -2.68968  -1.4735
94700  1.16215  -2.63565  -1.4735
94800  1.19236  -2.66586  -1.4735
94900  1.2306  -2.7041  -1.4735
95000  1.17524  -2.64873  -1.47349
95100  1.18706  -2.66056  -1.47349
95200  1.10075  -2.57424  -1.47349
95300  1.11577  -2.58926  -1.4735
95400  1.14412  -2.61762  -1.4735
95500  1.12531  -2.59881  -1.4735
95600  1.10411  -2.5776  -1.47349
95700  1.11183  -2.58533  -1.4735
95800  1.10125  -2.57474  -1.4735
95900  1.05968  -2.53317  -1.47349
96000  1.10412  -2.57762  -1.4735
96100  1.06234  -2.53583  -1.4735
96200  1.08163  -2.55512  -1.47349
96300  1.07756  -2.55106  -1.4735
96400  1.09071  -2.5642  -1.47349
96500  1.09822  -2.57171  -1.47349
96600  1.10221  -2.57571  -1.4735
96700  1.04495  -2.51844  -1.47348
96800  1.12768  -2.60117  -1.47349
96900  1.10995  -2.58344  -1.47349
97000  1.19008  -2.66357  -1.47349
97100  1.16823  -2.64171  -1.47349
97200  1.17668  -2.65015  -1.47348
97300  1.17255  -2.64604  -1.47348
97400  1.21063  -2.68411  -1.47348
97500  1.17957  -2.65305  -1.47348
97600  1.1338  -2.60728  -1.47348
97700  1.16687  -2.64034  -1.47348
97800  1.15067  -2.62414  -1.47347
97900  1.2039  -2.67737  -1.47346
98000  1.13535  -2.60882  -1.47346
98100  1.1555  -2.62896  -1.47346
98200  1.18751  -2.66098  -1.47347
98300  1.20496  -2.67843  -1.47347
98400  1.12379  -2.59725  -1.47346
98500  1.13084  -2.6043  -1.47346
98600  1.10016  -2.57363  -1.47347
98700  1.05583  -2.52927  -1.47345
98800  1.0735  -2.54694  -1.47344
98900  1.0919  -2.56534  -1.47344
99000  1.03294  -2.50638  -1.47344
99100  1.02627  -2.4997  -1.47343
99200  1.03151  -2.50494  -1.47343
99300  1.11129  -2.58472  -1.47343
99400  1.1123  -2.58574  -1.47344
99500  1.09834  -2.57178  -1.47343
99600  1.10678  -2.58021  -1.47343
99700  1.18484  -2.65827  -1.47343
99800  1.14815  -2.62158  -1.47343
99900  1.11762  -2.59105  -1.47343
100000  1.21344  -2.68688  -1.47343
