0  0.748203  -1.58541  -0.837209
100  2.04262  -2.87983  -0.837214
200  1.92603  -2.76322  -0.837193
300  1.32553  -2.16224  -0.836717
400  1.04654  -1.88325  -0.836715
500  1.02342  -1.86002  -0.836594
600  0.99906  -1.83563  -0.836571
700  0.984227  -1.8208  -0.836572
800  0.920435  -1.757  -0.836564
900  0.926212  -1.76278  -0.83657
1000  0.903752  -1.74032  -0.836569
1100  0.913593  -1.75016  -0.83657
1200  0.916348  -1.75291  -0.836563
1300  1.01745  -1.85401  -0.836563
1400  0.93176  -1.76832  -0.836557
1500  0.940993  -1.77755  -0.836557
1600  0.983626  -1.82019  -0.836561
1700  0.999514  -1.83608  -0.836563
1800  0.973851  -1.81042  -0.836565
1900  0.971843  -1.80841  -0.836564
2000  1.02402  -1.86058  -0.836564
2100  0.975173  -1.81174  -0.836565
2200  1.15311  -1.98968  -0.836572
2300  1.0866  -1.92316  -0.83656
2400  1.1132  -1.94977  -0.83657
2500  1.20393  -2.0405  -0.836571
2600  1.09058  -1.92715  -0.836575
2700  1.14477  -1.98135  -0.836575
2800  1.11008  -1.94665  -0.836575
2900  1.06079  -1.89736  -0.836575
3000  1.1118  -1.94838  -0.836576
3100  1.03836  -1.87493  -0.836577
3200  1.02332  -1.85989  -0.836575
3300  1.03171  -1.8683  -0.836583
3400  1.04696  -1.88354  -0.836582
3500  0.945456  -1.78203  -0.836571
3600  0.965147  -1.80173  -0.836578
3700  0.968578  -1.80515  -0.836575
3800  0.912671  -1.74925  -0.836579
3900  0.912189  -1.74876  -0.836574
4000  0.932778  -1.76935  -0.836574
4100  0.890401  -1.72698  -0.836577
4200  0.896098  -1.73268  -0.836582
4300  0.852886  -1.68946  -0.836573
4400  0.937519  -1.7741  -0.836579
4500  0.924026  -1.7606  -0.836578
4600  0.965245  -1.80183  -0.836589
4700  1.08702  -1.9236  -0.83658
4800  0.970709  -1.80728  -0.836572
4900  0.985736  -1.82232  -0.836582
5000  0.98032  -1.8169  -0.836578
5100  0.923515  -1.76009  -0.836575
5200  0.912477  -1.74905  -0.836573
5300  0.896216  -1.73279  -0.836573
5400  0.899505  -1.73608  -0.836578
5500  0.875133  -1.71171  -0.836575
5600  0.954112  -1.79069  -0.836577
5700  0.889903  -1.72648  -0.836578
5800  0.824392  -1.66096  -0.836567
5900  0.885193  -1.72177  -0.836574
6000  0.938925  -1.77547  -0.836541
6100  0.980296  -1.81684  -0.836546
6200  0.870248  -1.70679  -0.836545
6300  0.910808  -1.74735  -0.83654
6400  0.929509  -1.76605  -0.836542
6500  0.9115  -1.74805  -0.836545
6600  0.982715  -1.81927  -0.836551
6700  1.0197  -1.85624  -0.836546
6800  0.892541  -1.72909  -0.836544
6900  0.926522  -1.76307  -0.836549
7000  0.911311  -1.74785  -0.836539
7100  0.883064  -1.7196  -0.836539
7200  0.854705  -1.69125  -0.836545
7300  0.927122  -1.76366  -0.836539
7400  0.884685  -1.72122  -0.836535
7500  0.882831  -1.71937  -0.836539
7600  0.936841  -1.77338  -0.836536
7700  0.909759  -1.7463  -0.836537
7800  0.917122  -1.75366  -0.836537
7900  0.948488  -1.78503  -0.836541
8000  0.978747  -1.81528  -0.836537
8100  0.927516  -1.76405  -0.836536
8200  0.975024  -1.81156  -0.836534
8300  0.849336  -1.68586  -0.83652
8400  0.994377  -1.83091  -0.836533
8500  0.970031  -1.80656  -0.836529
8600  0.899863  -1.73639  -0.836525
8700  1.11398  -1.95052  -0.836534
8800  1.08016  -1.9167  -0.836535
8900  1.04593  -1.88247  -0.836534
9000  1.15177  -1.98831  -0.836536
9100  1.03342  -1.86995  -0.836527
9200  0.957884  -1.79441  -0.836529
9300  1.07656  -1.9131  -0.836536
9400  1.03858  -1.87512  -0.83654
9500  0.934783  -1.77132  -0.836533
9600  0.84913  -1.68566  -0.836529
9700  0.965375  -1.80191  -0.836538
9800  0.975716  -1.81225  -0.836538
9900  0.931916  -1.76845  -0.836529
10000  0.92529  -1.76181  -0.836525
10100  0.883518  -1.72005  -0.836527
10200  0.951525  -1.78806  -0.836534
10300  0.921906  -1.75844  -0.836534
10400  0.879679  -1.71621  -0.836528
10500  0.91848  -1.75501  -0.83653
10600  0.857092  -1.69362  -0.836531
10700  0.869478  -1.70601  -0.83653
10800  0.892072  -1.72861  -0.836533
10900  0.956603  -1.79314  -0.836534
11000  0.988499  -1.82504  -0.836538
11100  1.17176  -2.0083  -0.836546
11200  1.10219  -1.93874  -0.836546
11300  1.07222  -1.90875  -0.836535
11400  1.07457  -1.91111  -0.836536
11500  1.06564  -1.90217  -0.836526
11600  0.87262  -1.70914  -0.836524
11700  0.954394  -1.79093  -0.836535
11800  0.880059  -1.71659  -0.836532
11900  0.816765  -1.6533  -0.836532
12000  0.891455  -1.72799  -0.83653
12100  0.829865  -1.66639  -0.836524
12200  0.997367  -1.8339  -0.836532
12300  0.889104  -1.72563  -0.836523
12400  0.992639  -1.82916  -0.836522
12500  1.00748  -1.84401  -0.836522
12600  0.900555  -1.73707  -0.836517
12700  0.893973  -1.73049  -0.836518
12800  0.944149  -1.78067  -0.836518
12900  0.857958  -1.69447  -0.836516
13000  0.85384  -1.69035  -0.836513
13100  0.87769  -1.71421  -0.836516
13200  0.830759  -1.66727  -0.836514
13300  0.878374  -1.71489  -0.836512
13400  0.932941  -1.76946  -0.836515
13500  0.875261  -1.71178  -0.836517
13600  0.952387  -1.78891  -0.836522
13700  0.913084  -1.7496  -0.836519
13800  0.917762  -1.75428  -0.836515
13900  0.872285  -1.7088  -0.836516
14000  0.852604  -1.68912  -0.836512
14100  0.889462  -1.72598  -0.836515
14200  0.894419  -1.73093  -0.836514
14300  0.885669  -1.72208  -0.836414
14400  0.884123  -1.72053  -0.836406
14500  0.907438  -1.74385  -0.836413
14600  0.842108  -1.67852  -0.836415
14700  0.877124  -1.71353  -0.836408
14800  0.847947  -1.68436  -0.836409
14900  0.858328  -1.6946  -0.836271
15000  0.909441  -1.74571  -0.836272
15100  0.890347  -1.72661  -0.836261
15200  1.04482  -1.88086  -0.836038
15300  1.11627  -1.95231  -0.836038
15400  1.10929  -1.94533  -0.836042
15500  1.12285  -1.95888  -0.836034
15600  1.06567  -1.90185  -0.836176
15700  1.01314  -1.84925  -0.836112
15800  0.993158  -1.8293  -0.836144
15900  0.949253  -1.7854  -0.836144
16000  0.966033  -1.80221  -0.836173
16100  1.02275  -1.85892  -0.836174
16200  0.969896  -1.80607  -0.836175
16300  0.916796  -1.75297  -0.836175
16400  0.944152  -1.78033  -0.836181
16500  0.854712  -1.69088  -0.836169
16600  0.843996  -1.68003  -0.836029
16700  0.907091  -1.74312  -0.836033
16800  0.943133  -1.77908  -0.835951
16900  1.00044  -1.8364  -0.835952
17000  1.08975  -1.9257  -0.835946
17100  1.0292  -1.86515  -0.835941
17200  1.04896  -1.88491  -0.835958
17300  1.17373  -2.00968  -0.83595
17400  1.00839  -1.84433  -0.835948
17500  1.05522  -1.89117  -0.835948
17600  1.04774  -1.88369  -0.835949
17700  1.01364  -1.84959  -0.835946
17800  0.915032  -1.75097  -0.835936
17900  0.993029  -1.82896  -0.835931
18000  0.978653  -1.81459  -0.835936
18100  0.910489  -1.74643  -0.835941
18200  1.01315  -1.84909  -0.835941
18300  0.976272  -1.8122  -0.83593
18400  0.926572  -1.7625  -0.835929
18500  0.944078  -1.78002  -0.835937
18600  0.839997  -1.67593  -0.835933
18700  0.920052  -1.75599  -0.835938
18800  0.836566  -1.6725  -0.835937
18900  0.816523  -1.65245  -0.835929
19000  0.913905  -1.74984  -0.835935
19100  0.900804  -1.73674  -0.835938
19200  0.932808  -1.76875  -0.835941
19300  0.964421  -1.80037  -0.835945
19400  0.882882  -1.71882  -0.835939
19500  0.899789  -1.73571  -0.835924
19600  0.961718  -1.79764  -0.835927
19700  0.9069  -1.74283  -0.835933
19800  0.969322  -1.80526  -0.835933
19900  0.906562  -1.7425  -0.835933
20000  0.876818  -1.71276  -0.835941
20100  0.898527  -1.73446  -0.835932
20200  0.777148  -1.61308  -0.83593
20300  0.825566  -1.6615  -0.835933
20400  0.902364  -1.7383  -0.835933
20500  0.874625  -1.71056  -0.835931
20600  0.941298  -1.77718  -0.835886
20700  0.807173  -1.64305  -0.835878
20800  0.916583  -1.75247  -0.835886
20900  0.934947  -1.77083  -0.835886
21000  0.986325  -1.82221  -0.835889
21100  0.959752  -1.79564  -0.835886
21200  0.964764  -1.80065  -0.835889
21300  0.988397  -1.82428  -0.835881
21400  0.965548  -1.80144  -0.835889
21500  0.920578  -1.75647  -0.83589
21600  0.906425  -1.74231  -0.83589
21700  0.862874  -1.69877  -0.835891
21800  0.868529  -1.70442  -0.835888
21900  0.804422  -1.64031  -0.835885
22000  0.802694  -1.63858  -0.835887
22100  0.814767  -1.65065  -0.835887
22200  0.803686  -1.63957  -0.835887
22300  0.808202  -1.64409  -0.835885
22400  0.827243  -1.66313  -0.835887
22500  0.848915  -1.6848  -0.835888
22600  0.935284  -1.77118  -0.835894
22700  0.907175  -1.74307  -0.835893
22800  0.88555  -1.72144  -0.835894
22900  0.796938  -1.63283  -0.835887
23000  0.934134  -1.77004  -0.835902
23100  0.899675  -1.73556  -0.83589
23200  0.918089  -1.75399  -0.835897
23300  0.93425  -1.77013  -0.835878
23400  0.976275  -1.81215  -0.835878
23500  0.940445  -1.77632  -0.835878
23600  0.920961  -1.75686  -0.835896
23700  0.904801  -1.74069  -0.835888
23800  1.00922  -1.8451  -0.835879
23900  0.936337  -1.77221  -0.835873
24000  0.93818  -1.77406  -0.835881
24100  0.951953  -1.78783  -0.835877
24200  0.94285  -1.77873  -0.835878
24300  1.01725  -1.85314  -0.835885
24400  0.930848  -1.76673  -0.835877
24500  0.939105  -1.77498  -0.835878
24600  0.8524  -1.68827  -0.835874
24700  0.932785  -1.76867  -0.835882
24800  0.928749  -1.76463  -0.835884
24900  0.809585  -1.64546  -0.835873
25000  0.838099  -1.67397  -0.835875
25100  0.826172  -1.66204  -0.835873
25200  0.798195  -1.63407  -0.835874
25300  0.801248  -1.63712  -0.835875
25400  0.786438  -1.62232  -0.83588
25500  0.883207  -1.71909  -0.83588
25600  0.908997  -1.74488  -0.835878
25700  0.881566  -1.71744  -0.835876
25800  0.955518  -1.79139  -0.835874
25900  0.885423  -1.7213  -0.835875
26000  0.754657  -1.59053  -0.835868
26100  0.855965  -1.69184  -0.835872
26200  0.844813  -1.68068  -0.83587
26300  0.81232  -1.64819  -0.835872
26400  0.835692  -1.67157  -0.83588
26500  0.839186  -1.67505  -0.835869
26600  0.846506  -1.68237  -0.835868
26700  0.863534  -1.6994  -0.835863
26800  0.843252  -1.67912  -0.835869
26900  1.02441  -1.86029  -0.83588
27000  1.01182  -1.84769  -0.835871
27100  0.947888  -1.78375  -0.835863
27200  1.03019  -1.86605  -0.835868
27300  0.959605  -1.79547  -0.835867
27400  0.900065  -1.73594  -0.835871
27500  1.0065  -1.84237  -0.835866
27600  0.98708  -1.82294  -0.83586
27700  0.981294  -1.81716  -0.835867
27800  0.965643  -1.80151  -0.835866
27900  1.00595  -1.84183  -0.835876
28000  1.02085  -1.85673  -0.835876
28100  0.969333  -1.80521  -0.835872
28200  0.943201  -1.77908  -0.835877
28300  1.02165  -1.85753  -0.835874
28400  0.963546  -1.79942  -0.835874
28500  0.946259  -1.78213  -0.83587
28600  1.04843  -1.88429  -0.835864
28700  1.0073  -1.84317  -0.835866
28800  1.02951  -1.86538  -0.835869
28900  1.00614  -1.84201  -0.835865
29000  1.07009  -1.90596  -0.835871
29100  1.00422  -1.84009  -0.835869
29200  0.942683  -1.77855  -0.835865
29300  1.0133  -1.84916  -0.835861
29400  1.13276  -1.96865  -0.835883
29500  1.09146  -1.92733  -0.835868
29600  1.14888  -1.98475  -0.835875
29700  1.17058  -2.00646  -0.835873
29800  1.10601  -1.94187  -0.835866
29900  0.987322  -1.82318  -0.835861
30000  0.96087  -1.79673  -0.835862
30100  0.936094  -1.77195  -0.835857
30200  0.961333  -1.79719  -0.835854
30300  0.958912  -1.79477  -0.835857
30400  0.853614  -1.68947  -0.835852
30500  0.972225  -1.80808  -0.835857
30600  1.03524  -1.8711  -0.835851
30700  1.06989  -1.90575  -0.835859
30800  1.03075  -1.8666  -0.835857
30900  1.0255  -1.86135  -0.835847
31000  1.06449  -1.90035  -0.835855
31100  1.05467  -1.89053  -0.835859
31200  1.00662  -1.84248  -0.835867
31300  0.981582  -1.81745  -0.835866
31400  0.998373  -1.83424  -0.835863
31500  0.958864  -1.79473  -0.835868
31600  1.06719  -1.90304  -0.83585
31700  0.989391  -1.82523  -0.835842
31800  1.05561  -1.89146  -0.835855
31900  1.14649  -1.98234  -0.835846
32000  1.08972  -1.92557  -0.835847
32100  1.19176  -2.02761  -0.835854
32200  1.17378  -2.00963  -0.835854
32300  1.18175  -2.0176  -0.835855
32400  1.06551  -1.90134  -0.835835
32500  1.25794  -2.0938  -0.835857
32600  1.12481  -1.96067  -0.835853
32700  1.20732  -2.04318  -0.835858
32800  1.13514  -1.97099  -0.835853
32900  1.21447  -2.05032  -0.835856
33000  1.13772  -1.97358  -0.835863
33100  1.08391  -1.91978  -0.835861
33200  1.12365  -1.9595  -0.835854
33300  1.13584  -1.97169  -0.835854
33400  1.09556  -1.93142  -0.835855
33500  1.13748  -1.97334  -0.835854
33600  1.24144  -2.0773  -0.835855
33700  1.16472  -2.00057  -0.835848
33800  1.14624  -1.98208  -0.835843
33900  1.18479  -2.02063  -0.835841
34000  1.09741  -1.93325  -0.835848
34100  1.08829  -1.92414  -0.835846
34200  1.1247  -1.96054  -0.835843
34300  1.08558  -1.92142  -0.835839
34400  1.01225  -1.84808  -0.835835
34500  1.04636  -1.8822  -0.835841
34600  0.984359  -1.82019  -0.835835
34700  0.925071  -1.7609  -0.835827
34800  1.01974  -1.85557  -0.835834
34900  0.99857  -1.8344  -0.835831
35000  1.00535  -1.84118  -0.835833
35100  1.14259  -1.97842  -0.835835
35200  1.21367  -2.04951  -0.835841
35300  1.20962  -2.04546  -0.835839
35400  1.24004  -2.07587  -0.835829
35500  1.23491  -2.07074  -0.835831
35600  1.23683  -2.07265  -0.835814
35700  1.22226  -2.05807  -0.835814
35800  1.15228  -1.9881  -0.835824
35900  1.18419  -2.02  -0.835814
36000  1.22025  -2.05607  -0.835814
36100  1.20888  -2.0447  -0.835818
36200  1.18639  -2.02221  -0.835816
36300  1.12552  -1.96134  -0.83582
36400  1.12309  -1.95891  -0.835823
36500  1.03311  -1.86892  -0.835815
36600  1.02863  -1.86445  -0.835819
36700  0.978821  -1.81464  -0.835819
36800  0.896639  -1.73245  -0.835815
36900  1.00765  -1.84347  -0.835821
37000  0.96451  -1.80033  -0.835823
37100  1.06466  -1.90048  -0.83582
37200  1.06579  -1.90161  -0.835821
37300  1.10655  -1.94238  -0.835824
37400  1.11875  -1.95457  -0.835819
37500  1.08726  -1.92309  -0.835826
37600  1.05206  -1.88789  -0.835827
37700  1.19214  -2.02796  -0.835824
37800  1.29424  -2.13007  -0.835835
37900  1.14689  -1.98273  -0.835839
38000  1.16405  -1.99988  -0.83583
38100  1.10858  -1.9444  -0.835823
38200  1.10786  -1.94369  -0.835825
38300  1.09363  -1.92946  -0.835824
38400  1.01959  -1.85538  -0.835785
38500  1.00299  -1.83878  -0.835784
38600  1.01205  -1.84784  -0.835783
38700  0.914215  -1.75  -0.835781
38800  1.01844  -1.85423  -0.83579
38900  1.05598  -1.89177  -0.835792
39000  1.03685  -1.87264  -0.835799
39100  1.12268  -1.95848  -0.835798
39200  1.16714  -2.00293  -0.835792
39300  1.10159  -1.93739  -0.835801
39400  1.19703  -2.03283  -0.8358
39500  1.17479  -2.01059  -0.835801
39600  1.14305  -1.97887  -0.835816
39700  1.12334  -1.95913  -0.835795
39800  1.09166  -1.92745  -0.835797
39900  1.00185  -1.83765  -0.835802
40000  0.998036  -1.83383  -0.835793
40100  0.943747  -1.77954  -0.835791
40200  0.894134  -1.72993  -0.835793
40300  0.916266  -1.75206  -0.835796
40400  0.933474  -1.76927  -0.835801
40500  0.959776  -1.79557  -0.835793
40600  0.896031  -1.73182  -0.835792
40700  0.901133  -1.73692  -0.835789
40800  0.928785  -1.76454  -0.83575
40900  0.888952  -1.7247  -0.835749
41000  0.985485  -1.82124  -0.835753
41100  0.980927  -1.81668  -0.83575
41200  0.917979  -1.75373  -0.835753
41300  1.03613  -1.87188  -0.835751
41400  1.01029  -1.84604  -0.835748
41500  0.912309  -1.74805  -0.835745
41600  0.982356  -1.81811  -0.835749
41700  1.00372  -1.83947  -0.835747
41800  1.02306  -1.85881  -0.835746
41900  1.07692  -1.91268  -0.835752
42000  1.06883  -1.90457  -0.835748
42100  1.04515  -1.8809  -0.835744
42200  1.12383  -1.95957  -0.835741
42300  1.0155  -1.85124  -0.835737
42400  1.1654  -2.00114  -0.835741
42500  1.0862  -1.92194  -0.835744
42600  0.952161  -1.78789  -0.835732
42700  1.00124  -1.83697  -0.835734
42800  1.03869  -1.87442  -0.835733
42900  0.908713  -1.74444  -0.835727
43000  1.03472  -1.87045  -0.835734
43100  1.03469  -1.87043  -0.835734
43200  0.989429  -1.82516  -0.835736
43300  1.03154  -1.86728  -0.835739
43400  1.00024  -1.83598  -0.835739
43500  0.993766  -1.8295  -0.835739
43600  1.0367  -1.87244  -0.835741
43700  0.971593  -1.80733  -0.835737
43800  1.03693  -1.87267  -0.835741
43900  1.14515  -1.98089  -0.835745
44000  1.12026  -1.95601  -0.835752
44100  1.05311  -1.88885  -0.83574
44200  1.09421  -1.92995  -0.83574
44300  1.0981  -1.93384  -0.835744
44400  1.17415  -2.00989  -0.835748
44500  1.16995  -2.00568  -0.835738
44600  1.13051  -1.96624  -0.835732
44700  1.21527  -2.05102  -0.835747
44800  1.16116  -1.99689  -0.835737
44900  1.19629  -2.03202  -0.835735
45000  1.18411  -2.01985  -0.835739
45100  1.22703  -2.06277  -0.835739
45200  1.08543  -1.92117  -0.835738
45300  1.07292  -1.90865  -0.835731
45400  1.08242  -1.91816  -0.835737
45500  0.974318  -1.81006  -0.835741
45600  0.951817  -1.78752  -0.835706
45700  0.956922  -1.79263  -0.835706
45800  0.864798  -1.7005  -0.835698
45900  0.962835  -1.79854  -0.835709
46000  0.992444  -1.82815  -0.83571
46100  1.07201  -1.90773  -0.83572
46200  1.13787  -1.97358  -0.835714
46300  1.05863  -1.89436  -0.835727
46400  1.01506  -1.85078  -0.835717
46500  0.962197  -1.79791  -0.835713
46600  0.941772  -1.77748  -0.835711
46700  0.930735  -1.76645  -0.835717
46800  0.888263  -1.72398  -0.835716
46900  0.933652  -1.76936  -0.83571
47000  0.959164  -1.79485  -0.835688
47100  0.95816  -1.79386  -0.835697
47200  1.04232  -1.878  -0.835678
47300  1.08309  -1.91877  -0.835681
47400  1.11543  -1.95111  -0.835685
47500  1.03715  -1.87283  -0.83568
47600  1.13654  -1.97222  -0.835685
47700  1.09203  -1.92771  -0.835683
47800  0.997263  -1.83294  -0.83568
47900  1.04158  -1.87726  -0.835685
48000  0.97533  -1.81101  -0.835678
48100  1.05922  -1.8949  -0.835681
48200  1.01095  -1.84664  -0.835685
48300  0.979071  -1.81475  -0.835681
48400  1.05091  -1.88658  -0.835677
48500  1.03151  -1.86718  -0.83567
48600  1.07807  -1.91376  -0.835683
48700  1.09378  -1.92946  -0.835674
48800  1.1365  -1.97218  -0.835681
48900  1.23189  -2.06758  -0.835685
49000  1.31383  -2.14951  -0.835677
49100  1.23891  -2.0746  -0.835685
49200  1.32844  -2.16412  -0.835684
49300  1.19072  -2.0264  -0.835679
49400  1.18975  -2.02543  -0.83568
49500  1.10895  -1.94463  -0.83568
49600  1.19033  -2.02601  -0.83568
49700  1.10576  -1.94144  -0.835681
49800  1.14142  -1.97707  -0.83565
49900  1.19661  -2.03226  -0.835649
50000  1.17427  -2.00992  -0.835652
50100  1.22885  -2.0645  -0.83565
50200  1.20657  -2.04223  -0.835655
50300  1.18073  -2.01638  -0.835649
50400  1.17818  -2.01383  -0.83565
50500  1.31088  -2.14654  -0.835657
50600  1.24523  -2.0809  -0.835665
50700  1.26316  -2.09881  -0.83565
50800  1.18955  -2.0252  -0.835645
50900  1.22177  -2.05735  -0.83558
51000  1.19346  -2.02904  -0.83558
51100  1.18532  -2.02091  -0.835588
51200  1.20305  -2.03863  -0.835585
51300  1.17362  -2.00917  -0.835552
51400  1.21087  -2.04643  -0.835553
51500  1.14347  -1.97902  -0.835545
51600  1.19593  -2.03148  -0.835552
51700  1.16999  -2.00555  -0.835555
51800  1.18558  -2.02113  -0.835551
51900  1.0948  -1.93032  -0.835522
52000  1.11295  -1.94847  -0.835525
52100  1.12684  -1.96236  -0.83552
52200  1.10834  -1.94386  -0.835519
52300  1.10208  -1.9376  -0.835523
52400  1.14231  -1.97784  -0.835525
52500  1.05239  -1.88792  -0.835531
52600  1.14207  -1.97759  -0.835523
52700  1.07779  -1.9133  -0.835519
52800  1.12794  -1.96346  -0.835518
52900  1.12782  -1.96333  -0.835517
53000  1.23733  -2.07285  -0.835518
53100  1.20019  -2.03571  -0.835513
53200  1.24707  -2.0826  -0.835528
53300  1.14985  -1.98537  -0.835512
53400  1.18919  -2.0247  -0.835514
53500  1.13027  -1.96578  -0.835517
53600  1.22513  -2.06066  -0.835526
53700  1.17987  -2.01539  -0.835521
53800  1.06557  -1.90108  -0.835509
53900  1.13034  -1.96586  -0.835515
54000  1.17002  -2.00554  -0.835517
54100  1.02844  -1.86395  -0.835516
54200  1.04853  -1.88405  -0.835518
54300  1.10756  -1.94308  -0.835519
54400  1.06949  -1.905  -0.835511
54500  1.05389  -1.8894  -0.835505
54600  1.06401  -1.89951  -0.835506
54700  1.15385  -1.98936  -0.83551
54800  1.17377  -2.00929  -0.835513
54900  1.14371  -1.97923  -0.835514
55000  1.08744  -1.92295  -0.835515
55100  1.10538  -1.94089  -0.83551
55200  1.096  -1.93151  -0.83551
55300  1.14189  -1.97739  -0.835502
55400  1.02986  -1.86536  -0.835497
55500  1.13849  -1.97399  -0.835503
55600  1.1597  -1.99521  -0.835507
55700  1.16397  -1.99947  -0.835505
55800  1.13202  -1.96751  -0.835498
55900  1.17787  -2.01337  -0.835494
56000  1.12331  -1.95879  -0.83548
56100  1.0833  -1.91879  -0.835484
56200  1.16393  -1.99941  -0.83548
56300  1.16016  -1.99565  -0.835487
56400  1.14813  -1.9836  -0.83547
56500  1.07535  -1.91081  -0.835464
56600  1.17109  -2.00656  -0.835469
56700  1.17312  -2.00859  -0.835465
56800  1.18711  -2.02257  -0.835465
56900  1.16415  -1.99962  -0.835468
57000  1.1282  -1.96366  -0.835462
57100  1.28886  -2.12433  -0.835472
57200  1.20106  -2.03652  -0.835467
57300  1.27901  -2.11449  -0.835485
57400  1.11831  -1.95379  -0.835473
57500  1.15882  -1.99429  -0.83547
57600  1.155  -1.99047  -0.835467
57700  0.985054  -1.8205  -0.835445
57800  1.11341  -1.94887  -0.835461
57900  1.17787  -2.01332  -0.835458
58000  1.08502  -1.92048  -0.835456
58100  1.11903  -1.95444  -0.835417
58200  1.0667  -1.90211  -0.835412
58300  1.04863  -1.88405  -0.835418
58400  1.10375  -1.93917  -0.835419
58500  1.05452  -1.88994  -0.835422
58600  1.01368  -1.8491  -0.835416
58700  1.0009  -1.83631  -0.835408
58800  1.11182  -1.94725  -0.835423
58900  1.06704  -1.90247  -0.835424
59000  1.16583  -2.00126  -0.835428
59100  1.11046  -1.94587  -0.835414
59200  1.20632  -2.04175  -0.83543
59300  1.1969  -2.03233  -0.835429
59400  1.08828  -1.9237  -0.835424
59500  1.08865  -1.92406  -0.835415
59600  1.0482  -1.88362  -0.83542
59700  0.926143  -1.76156  -0.83542
59800  0.928049  -1.76347  -0.835417
59900  0.903638  -1.73905  -0.835413
60000  0.818402  -1.65381  -0.835411
60100  0.888728  -1.72414  -0.835412
60200  0.88816  -1.72357  -0.835414
60300  0.969816  -1.80523  -0.835411
60400  1.00617  -1.84157  -0.835407
60500  1.17574  -2.01115  -0.835416
60600  1.12155  -1.95696  -0.835409
60700  1.25476  -2.09018  -0.835424
60800  1.22618  -2.06159  -0.835407
60900  1.16255  -1.99796  -0.835418
61000  1.1052  -1.94062  -0.835418
61100  1.05061  -1.88603  -0.835414
61200  0.987171  -1.82258  -0.835405
61300  1.02136  -1.85677  -0.835409
61400  0.972139  -1.80755  -0.835407
61500  1.01118  -1.84659  -0.835411
61600  1.17352  -2.00894  -0.835419
61700  0.987306  -1.82273  -0.83542
61800  1.04884  -1.88425  -0.835415
61900  0.999464  -1.83488  -0.835412
62000  0.972862  -1.80828  -0.835423
62100  0.96406  -1.79947  -0.835415
62200  0.90985  -1.74524  -0.835386
62300  0.957993  -1.79338  -0.83539
62400  0.940959  -1.77634  -0.835376
62500  0.972137  -1.80752  -0.835381
62600  0.904898  -1.74028  -0.835381
62700  0.89565  -1.73102  -0.83537
62800  0.981953  -1.81733  -0.835377
62900  0.852712  -1.68808  -0.835369
63000  0.904093  -1.73946  -0.835371
63100  0.90616  -1.74153  -0.835371
63200  0.926142  -1.76151  -0.835373
63300  1.06738  -1.90276  -0.835381
63400  0.832304  -1.66767  -0.835362
63500  0.956866  -1.79224  -0.835373
63600  0.898673  -1.73405  -0.835374
63700  0.917668  -1.75305  -0.835379
63800  0.850478  -1.68584  -0.835367
63900  0.924296  -1.75967  -0.835369
64000  0.846916  -1.68228  -0.835363
64100  0.856769  -1.69214  -0.835375
64200  0.813991  -1.64937  -0.835378
64300  0.864836  -1.70021  -0.835371
64400  0.925881  -1.76126  -0.835375
64500  0.929399  -1.76478  -0.835378
64600  1.00086  -1.83625  -0.835385
64700  0.994263  -1.82965  -0.835389
64800  0.934002  -1.76939  -0.835387
64900  1.01741  -1.85279  -0.83538
65000  0.909639  -1.74502  -0.835377
65100  0.924019  -1.7594  -0.83538
65200  0.898772  -1.73413  -0.835354
65300  0.881533  -1.71689  -0.835353
65400  0.997635  -1.833  -0.835364
65500  0.954594  -1.78995  -0.83536
65600  0.958183  -1.79355  -0.835363
65700  1.04631  -1.88168  -0.835367
65800  1.01272  -1.84808  -0.835366
65900  1.06433  -1.89969  -0.835365
66000  1.04433  -1.8797  -0.835373
66100  1.04001  -1.87538  -0.83537
66200  0.918587  -1.75395  -0.835359
66300  0.939384  -1.77475  -0.835367
66400  0.91948  -1.75484  -0.835364
66500  0.816647  -1.65201  -0.835365
66600  0.808967  -1.64433  -0.835367
66700  0.771894  -1.60718  -0.835288
66800  0.840572  -1.67588  -0.835305
66900  0.846734  -1.68203  -0.8353
67000  0.799678  -1.63497  -0.83529
67100  0.859477  -1.69477  -0.835296
67200  0.984814  -1.82011  -0.835297
67300  0.984588  -1.81988  -0.835291
67400  0.968748  -1.80404  -0.835297
67500  0.988402  -1.8237  -0.835302
67600  1.01055  -1.84585  -0.835295
67700  1.01866  -1.85397  -0.835303
67800  1.0362  -1.8715  -0.835299
67900  1.01015  -1.84545  -0.835302
68000  0.977855  -1.81316  -0.835306
68100  1.02852  -1.86383  -0.835303
68200  0.996639  -1.83194  -0.835304
68300  0.973134  -1.80844  -0.83531
68400  1.00202  -1.83732  -0.835307
68500  0.938668  -1.77397  -0.835302
68600  0.94345  -1.77875  -0.835304
68700  1.00186  -1.83717  -0.835308
68800  1.01163  -1.84694  -0.835311
68900  0.958004  -1.79331  -0.835306
69000  0.933213  -1.76853  -0.835313
69100  0.975787  -1.81108  -0.835295
69200  0.986454  -1.82176  -0.835304
69300  0.959507  -1.79482  -0.835309
69400  0.960709  -1.79602  -0.835309
69500  0.912319  -1.74763  -0.835309
69600  0.922183  -1.75749  -0.835306
69700  0.97851  -1.81381  -0.835301
69800  0.888766  -1.72406  -0.835296
69900  0.911928  -1.74722  -0.835292
70000  0.972062  -1.80736  -0.835297
70100  0.876521  -1.71181  -0.83529
70200  0.830805  -1.6661  -0.835293
70300  0.974926  -1.81023  -0.8353
70400  0.865229  -1.70051  -0.835281
70500  1.03747  -1.87277  -0.835298
70600  0.976845  -1.81215  -0.835304
70700  1.05773  -1.89302  -0.835293
70800  1.1631  -1.99838  -0.835284
70900  1.19638  -2.03167  -0.835291
71000  1.22708  -2.06239  -0.835303
71100  1.22174  -2.05703  -0.835292
71200  1.1314  -1.96669  -0.835288
71300  1.11504  -1.95033  -0.835293
71400  1.06048  -1.89577  -0.835291
71500  0.950228  -1.78552  -0.835291
71600  0.899965  -1.73526  -0.835292
71700  1.00815  -1.84342  -0.83527
71800  0.985341  -1.82061  -0.83527
71900  0.918265  -1.75354  -0.835272
72000  0.94023  -1.7755  -0.835269
72100  0.994713  -1.82997  -0.835262
72200  0.996302  -1.83157  -0.835269
72300  1.02255  -1.85783  -0.835278
72400  0.965776  -1.80104  -0.83526
72500  0.973907  -1.80917  -0.83526
72600  1.04818  -1.88345  -0.835265
72700  1.03622  -1.87149  -0.835267
72800  1.04475  -1.88002  -0.83527
72900  1.03698  -1.87226  -0.83528
73000  1.09946  -1.93473  -0.835275
73100  0.951878  -1.78713  -0.835252
73200  0.874279  -1.70954  -0.835262
73300  1.02008  -1.85534  -0.835262
73400  0.881849  -1.7171  -0.835256
73500  0.897294  -1.73255  -0.835259
73600  0.93189  -1.76715  -0.835255
73700  0.920908  -1.75615  -0.835245
73800  0.980476  -1.81573  -0.835259
73900  0.953129  -1.78839  -0.835258
74000  0.944201  -1.77945  -0.83525
74100  0.967148  -1.8024  -0.835256
74200  0.886612  -1.72187  -0.835255
74300  0.862152  -1.69738  -0.835225
74400  0.826927  -1.66215  -0.835224
74500  0.806217  -1.64144  -0.835221
74600  0.75504  -1.59026  -0.835218
74700  0.845865  -1.68109  -0.835221
74800  0.876889  -1.71211  -0.83522
74900  0.879779  -1.715  -0.835223
75000  0.899629  -1.73485  -0.835222
75100  0.910965  -1.74618  -0.835219
75200  0.891104  -1.72633  -0.835225
75300  0.918867  -1.75409  -0.835226
75400  0.904311  -1.73954  -0.835225
75500  0.971476  -1.8067  -0.835221
75600  0.872132  -1.70735  -0.835223
75700  1.02759  -1.86281  -0.835219
75800  1.01048  -1.84571  -0.835224
75900  1.05255  -1.88777  -0.835221
76000  0.997931  -1.83315  -0.835218
76100  1.05644  -1.89166  -0.835225
76200  0.987083  -1.8223  -0.835219
76300  1.10993  -1.94515  -0.835225
76400  1.02005  -1.85528  -0.835231
76500  1.04823  -1.88345  -0.835223
76600  0.995854  -1.83108  -0.835223
76700  1.02252  -1.85775  -0.835221
76800  0.960231  -1.79545  -0.83522
76900  1.04251  -1.87774  -0.835225
77000  0.97724  -1.81247  -0.835225
77100  1.0071  -1.84233  -0.835226
77200  1.01554  -1.85077  -0.835231
77300  1.14127  -1.9765  -0.835226
77400  1.10992  -1.94514  -0.835225
77500  1.1216  -1.95682  -0.835221
77600  1.13785  -1.97309  -0.835234
77700  1.15979  -1.99501  -0.835228
77800  1.10361  -1.93883  -0.835221
77900  1.08609  -1.92131  -0.83522
78000  0.980114  -1.81533  -0.835216
78100  0.968565  -1.80378  -0.835216
78200  1.0068  -1.84202  -0.835219
78300  1.04505  -1.88028  -0.835227
78400  1.05378  -1.88901  -0.835228
78500  1.06648  -1.90171  -0.83523
78600  1.06597  -1.9012  -0.835225
78700  1.09648  -1.93171  -0.835226
78800  1.11181  -1.94703  -0.835226
78900  1.13057  -1.96579  -0.835221
79000  1.14501  -1.98024  -0.835226
79100  1.14475  -1.97999  -0.835233
79200  1.22898  -2.06421  -0.835229
79300  1.2018  -2.03703  -0.835224
79400  1.17657  -2.0118  -0.835233
79500  1.1098  -1.94502  -0.835226
79600  1.0848  -1.92002  -0.835224
79700  1.06128  -1.8965  -0.835225
79800  1.12492  -1.96016  -0.835233
79900  1.14586  -1.9811  -0.835237
80000  1.14251  -1.97774  -0.835228
80100  1.15687  -1.9921  -0.835223
80200  1.28311  -2.11834  -0.835233
80300  1.30004  -2.13515  -0.835111
80400  1.33741  -2.17252  -0.835117
80500  1.24884  -2.08396  -0.835122
80600  1.26853  -2.10363  -0.835107
80700  1.32504  -2.16015  -0.835114
80800  1.19169  -2.02679  -0.8351
80900  1.24972  -2.08483  -0.835106
81000  1.22669  -2.06165  -0.834963
81100  1.20143  -2.03639  -0.834958
81200  1.13573  -1.97068  -0.834957
81300  1.17006  -2.00502  -0.834952
81400  1.03752  -1.87248  -0.834953
81500  1.16247  -1.99742  -0.834954
81600  1.0963  -1.93125  -0.834951
81700  0.988811  -1.82374  -0.834925
81800  1.13404  -1.96896  -0.834924
81900  1.04621  -1.88113  -0.834924
82000  1.06366  -1.89858  -0.83492
82100  1.0892  -1.92419  -0.834987
82200  1.11475  -1.94974  -0.834991
82300  1.17774  -2.01272  -0.83499
82400  1.16618  -2.00116  -0.834983
82500  1.19049  -2.02548  -0.834994
82600  1.11584  -1.95081  -0.834976
82700  1.11682  -1.95181  -0.834989
82800  1.15843  -1.99343  -0.834994
82900  1.14623  -1.98121  -0.834989
83000  1.1217  -1.9567  -0.834995
83100  1.09569  -1.93067  -0.834984
83200  1.1601  -1.99509  -0.834993
83300  1.1032  -1.93819  -0.834991
83400  1.17885  -2.01383  -0.834977
83500  1.04637  -1.88135  -0.834979
83600  0.987356  -1.82231  -0.834958
83700  0.888561  -1.72352  -0.834957
83800  0.871346  -1.7063  -0.834956
83900  0.826174  -1.66113  -0.834954
84000  0.892091  -1.72705  -0.834956
84100  0.944749  -1.7797  -0.834952
84200  0.801565  -1.63652  -0.834951
84300  0.890335  -1.72529  -0.83496
84400  0.802779  -1.63773  -0.834949
84500  0.845936  -1.68089  -0.834951
84600  0.791468  -1.62643  -0.83496
84700  0.808303  -1.64326  -0.834957
84800  0.848604  -1.68355  -0.83495
84900  0.875604  -1.71056  -0.834953
85000  0.898984  -1.73394  -0.834952
85100  0.881167  -1.71612  -0.834949
85200  1.01675  -1.85171  -0.834955
85300  0.934452  -1.7694  -0.834947
85400  0.973153  -1.80811  -0.83496
85500  1.01855  -1.85351  -0.834955
85600  0.957306  -1.79226  -0.834951
85700  0.93775  -1.77271  -0.83496
85800  1.0041  -1.83905  -0.834954
85900  1.00613  -1.84108  -0.83495
86000  0.99711  -1.83206  -0.834953
86100  0.982021  -1.81697  -0.834949
86200  1.12827  -1.96322  -0.834951
86300  1.05497  -1.88993  -0.834958
86400  1.08524  -1.92021  -0.834962
86500  1.17547  -2.01043  -0.83496
86600  1.10557  -1.94054  -0.834972
86700  1.04354  -1.8785  -0.834955
86800  1.12908  -1.96404  -0.834959
86900  1.06717  -1.90212  -0.834947
87000  1.07093  -1.90587  -0.834941
87100  1.13807  -1.97303  -0.834961
87200  1.19787  -2.03284  -0.834963
87300  1.15427  -1.98923  -0.834958
87400  1.02299  -1.85795  -0.834958
87500  1.04594  -1.88089  -0.834954
87600  0.970312  -1.80526  -0.834947
87700  0.942388  -1.77734  -0.83495
87800  1.02815  -1.86309  -0.834941
87900  0.973126  -1.80807  -0.834939
88000  0.955237  -1.79019  -0.834957
88100  1.02819  -1.86314  -0.834948
88200  1.01951  -1.85446  -0.83495
88300  1.01712  -1.85208  -0.834955
88400  1.10107  -1.93602  -0.834953
88500  1.06601  -1.90089  -0.834882
88600  1.04311  -1.87799  -0.834878
88700  0.991279  -1.82616  -0.834883
88800  1.02903  -1.86391  -0.834882
88900  1.08521  -1.92009  -0.834883
89000  1.08497  -1.91985  -0.834884
89100  1.01309  -1.84797  -0.834877
89200  1.07308  -1.90796  -0.834885
89300  1.10638  -1.94127  -0.834894
89400  1.12226  -1.95715  -0.834885
89500  1.0547  -1.88958  -0.83488
89600  1.00545  -1.84033  -0.834885
89700  1.10169  -1.93657  -0.834879
89800  0.9952  -1.83007  -0.834874
89900  1.048  -1.88288  -0.834883
90000  1.04384  -1.87873  -0.834882
90100  1.02542  -1.8603  -0.834884
90200  1.01764  -1.85252  -0.834889
90300  1.00804  -1.84293  -0.834883
90400  0.862437  -1.69731  -0.834871
90500  0.784357  -1.61923  -0.834871
90600  0.803626  -1.63842  -0.834794
90700  0.857623  -1.69242  -0.834792
90800  0.901128  -1.73592  -0.834792
90900  0.909736  -1.74454  -0.834802
91000  0.950497  -1.78529  -0.834797
91100  0.906724  -1.74151  -0.834791
91200  0.899595  -1.73439  -0.834791
91300  0.93986  -1.77466  -0.834797
91400  0.897487  -1.73228  -0.83479
91500  0.921613  -1.7564  -0.834791
91600  0.842847  -1.67764  -0.834792
91700  0.907541  -1.74234  -0.834798
91800  0.887333  -1.72213  -0.834796
91900  0.857606  -1.6924  -0.83479
92000  0.938454  -1.77325  -0.834798
92100  0.928513  -1.76331  -0.834795
92200  0.939739  -1.77453  -0.834791
92300  1.0519  -1.8867  -0.834799
92400  1.06866  -1.90346  -0.834798
92500  1.04468  -1.87947  -0.834789
92600  1.08924  -1.92403  -0.834794
92700  0.922639  -1.75742  -0.834781
92800  0.909137  -1.74392  -0.83478
92900  0.946288  -1.78107  -0.834786
93000  0.89936  -1.73415  -0.834786
93100  0.919927  -1.75471  -0.834784
93200  0.885541  -1.72033  -0.83479
93300  0.888801  -1.72353  -0.834732
93400  0.842915  -1.67764  -0.834725
93500  0.846681  -1.68141  -0.834729
93600  0.907579  -1.74231  -0.834731
93700  0.910636  -1.74537  -0.834735
93800  0.921443  -1.75617  -0.834729
93900  0.90267  -1.7374  -0.834733
94000  0.856579  -1.69128  -0.834706
94100  0.875276  -1.71004  -0.834761
94200  0.834251  -1.66901  -0.834762
94300  0.912437  -1.7472  -0.834767
94400  0.877746  -1.71251  -0.834765
94500  0.884295  -1.71906  -0.834767
94600  0.885045  -1.71978  -0.834732
94700  0.888103  -1.72284  -0.834734
94800  0.998572  -1.83331  -0.834735
94900  0.965101  -1.79984  -0.83474
95000  0.901682  -1.73642  -0.834734
95100  0.954974  -1.78971  -0.834732
95200  0.873602  -1.70834  -0.834734
95300  0.815676  -1.65039  -0.834716
95400  0.86395  -1.69867  -0.83472
95500  0.831981  -1.6667  -0.834719
95600  0.909972  -1.7446  -0.83463
95700  0.884503  -1.71914  -0.834633
95800  0.922276  -1.75686  -0.834585
95900  0.927419  -1.762  -0.834579
96000  0.89105  -1.72562  -0.834571
96100  0.932544  -1.76692  -0.834381
96200  0.935242  -1.76962  -0.83438
96300  0.940354  -1.77474  -0.834383
96400  0.921305  -1.75568  -0.834379
96500  0.94003  -1.77441  -0.834375
96600  0.970198  -1.80458  -0.83438
96700  0.981858  -1.81617  -0.834307
96800  0.871329  -1.70564  -0.834306
96900  0.849922  -1.6842  -0.834282
97000  0.884404  -1.71855  -0.834148
97100  0.812326  -1.64649  -0.834162
97200  0.828511  -1.66267  -0.834162
97300  0.866523  -1.70069  -0.834163
97400  0.828759  -1.66292  -0.834158
97500  0.934697  -1.76886  -0.834165
97600  0.965482  -1.79965  -0.834168
97700  0.952487  -1.78665  -0.834161
97800  1.04705  -1.88121  -0.834163
97900  1.07152  -1.90568  -0.83416
98000  1.10166  -1.93582  -0.834159
98100  0.9897  -1.82387  -0.834166
98200  1.11147  -1.94564  -0.834169
98300  1.03607  -1.87015  -0.834083
98400  1.0876  -1.92168  -0.834083
98500  1.01372  -1.8478  -0.834085
98600  1.11304  -1.94713  -0.834083
98700  1.05319  -1.88727  -0.834084
98800  1.08945  -1.92354  -0.834087
98900  1.06871  -1.9028  -0.834088
99000  1.09268  -1.92676  -0.834076
99100  1.14186  -1.97594  -0.834078
99200  1.0933  -1.92738  -0.83408
99300  1.10668  -1.94076  -0.834081
99400  1.11578  -1.94985  -0.834076
99500  1.04544  -1.87952  -0.834073
99600  1.03052  -1.86459  -0.834073
99700  1.02718  -1.86125  -0.834067
99800  1.02853  -1.8626  -0.834067
99900  1.03322  -1.86729  -0.834074
100000  0.989015  -1.82309  -0.834073
