0  0.718822  -1.92192  -1.20309
100  1.70726  -2.91032  -1.20306
200  2.10101  -3.30406  -1.20305
300  1.56965  -2.77244  -1.20279
400  1.17392  -2.37665  -1.20274
500  0.947712  -2.15029  -1.20258
600  0.871507  -2.07408  -1.20257
700  0.937088  -2.13966  -1.20257
800  0.884307  -2.08688  -1.20257
900  0.827882  -2.03045  -1.20256
1000  0.821773  -2.02432  -1.20255
1100  0.828736  -2.03128  -1.20255
1200  0.828034  -2.03055  -1.20252
1300  0.817756  -2.02028  -1.20252
1400  0.814181  -2.0167  -1.20252
1500  0.890139  -2.09266  -1.20252
1600  0.788194  -1.99071  -1.20252
1700  0.834015  -2.03646  -1.20244
1800  0.775169  -1.97763  -1.20247
1900  0.811075  -2.01354  -1.20246
2000  0.803881  -2.00634  -1.20246
2100  0.842665  -2.04515  -1.20248
2200  0.797518  -2  -1.20248
2300  0.827164  -2.02965  -1.20248
2400  0.74117  -1.94365  -1.20248
2500  0.742117  -1.9446  -1.20248
