ITEM: TIMESTEP
0
ITEM: NUMBER OF ATOMS
216
ITEM: BOX BOUNDS
-3.23165	3.23165
-3.23165	3.23165
-3.23165	3.23165
ITEM: ATOMS index type x y z v f
1   1   -2.73165   -2.73165   -2.73165   1.02594   -nan
2   1   -2.73165   -2.73165   -1.73165   1.22138   -nan
3   1   -2.73165   -2.73165   -0.731652   2.05942   -nan
4   1   -2.73165   -2.73165   0.268348   1.59882   -nan
5   1   -2.73165   -2.73165   1.26835   0.662042   -nan
6   1   -2.73165   -2.73165   2.26835   0.904469   -nan
7   1   -2.73165   -1.73165   -2.73165   1.148   -nan
8   1   -2.73165   -1.73165   -1.73165   1.235   -nan
9   1   -2.73165   -1.73165   -0.731652   1.28208   -nan
10   1   -2.73165   -1.73165   0.268348   1.48394   -nan
11   1   -2.73165   -1.73165   1.26835   1.85855   -nan
12   1   -2.73165   -1.73165   2.26835   0.946221   -nan
13   1   -2.73165   -0.731652   -2.73165   2.44847   -nan
14   1   -2.73165   -0.731652   -1.73165   2.26834   -nan
15   1   -2.73165   -0.731652   -0.731652   0.26702   -nan
16   1   -2.73165   -0.731652   0.268348   1.26205   -nan
17   1   -2.73165   -0.731652   1.26835   0.615478   -nan
18   1   -2.73165   -0.731652   2.26835   0.542904   -nan
19   1   -2.73165   0.268348   -2.73165   1.14567   -nan
20   1   -2.73165   0.268348   -1.73165   1.23455   -nan
21   1   -2.73165   0.268348   -0.731652   0.580943   -nan
22   1   -2.73165   0.268348   0.268348   0.812201   -nan
23   1   -2.73165   0.268348   1.26835   0.800745   -nan
24   1   -2.73165   0.268348   2.26835   2.64754   -nan
25   1   -2.73165   1.26835   -2.73165   1.07608   -nan
26   1   -2.73165   1.26835   -1.73165   0.887247   -nan
27   1   -2.73165   1.26835   -0.731652   1.81484   -nan
28   1   -2.73165   1.26835   0.268348   1.55974   -nan
29   1   -2.73165   1.26835   1.26835   0.616166   -nan
30   1   -2.73165   1.26835   2.26835   0.511692   -nan
31   1   -2.73165   2.26835   -2.73165   1.43017   -nan
32   1   -2.73165   2.26835   -1.73165   0.70952   -nan
33   1   -2.73165   2.26835   -0.731652   2.15057   -nan
34   1   -2.73165   2.26835   0.268348   0.726099   -nan
35   1   -2.73165   2.26835   1.26835   0.698671   -nan
36   1   -2.73165   2.26835   2.26835   0.983781   -nan
37   1   -1.73165   -2.73165   -2.73165   1.59999   -nan
38   1   -1.73165   -2.73165   -1.73165   1.2569   -nan
39   1   -1.73165   -2.73165   -0.731652   1.3865   -nan
40   1   -1.73165   -2.73165   0.268348   0.687857   -nan
41   1   -1.73165   -2.73165   1.26835   1.32327   -nan
42   1   -1.73165   -2.73165   2.26835   2.15769   -nan
43   1   -1.73165   -1.73165   -2.73165   0.791102   -nan
44   1   -1.73165   -1.73165   -1.73165   0.57927   -nan
45   1   -1.73165   -1.73165   -0.731652   1.66902   -nan
46   1   -1.73165   -1.73165   0.268348   0.552393   -nan
47   1   -1.73165   -1.73165   1.26835   1.22628   -nan
48   1   -1.73165   -1.73165   2.26835   0.806535   -nan
49   1   -1.73165   -0.731652   -2.73165   1.53227   -nan
50   1   -1.73165   -0.731652   -1.73165   0.898739   -nan
51   1   -1.73165   -0.731652   -0.731652   0.898945   -nan
52   1   -1.73165   -0.731652   0.268348   0.550763   -nan
53   1   -1.73165   -0.731652   1.26835   1.09695   -nan
54   1   -1.73165   -0.731652   2.26835   1.18628   -nan
55   1   -1.73165   0.268348   -2.73165   0.434675   -nan
56   1   -1.73165   0.268348   -1.73165   0.405885   -nan
57   1   -1.73165   0.268348   -0.731652   1.76211   -nan
58   1   -1.73165   0.268348   0.268348   2.26918   -nan
59   1   -1.73165   0.268348   1.26835   2.35058   -nan
60   1   -1.73165   0.268348   2.26835   0.247099   -nan
61   1   -1.73165   1.26835   -2.73165   0.783265   -nan
62   1   -1.73165   1.26835   -1.73165   1.66872   -nan
63   1   -1.73165   1.26835   -0.731652   1.59232   -nan
64   1   -1.73165   1.26835   0.268348   1.07145   -nan
65   1   -1.73165   1.26835   1.26835   0.942566   -nan
66   1   -1.73165   1.26835   2.26835   1.69746   -nan
67   1   -1.73165   2.26835   -2.73165   1.47324   -nan
68   1   -1.73165   2.26835   -1.73165   1.13179   -nan
69   1   -1.73165   2.26835   -0.731652   1.13347   -nan
70   1   -1.73165   2.26835   0.268348   1.18927   -nan
71   1   -1.73165   2.26835   1.26835   1.50642   -nan
72   1   -1.73165   2.26835   2.26835   1.13093   -nan
73   1   -0.731652   -2.73165   -2.73165   1.50627   -nan
74   1   -0.731652   -2.73165   -1.73165   0.830329   -nan
75   1   -0.731652   -2.73165   -0.731652   0.930088   -nan
76   1   -0.731652   -2.73165   0.268348   0.431393   -nan
77   1   -0.731652   -2.73165   1.26835   1.26354   -nan
78   1   -0.731652   -2.73165   2.26835   1.38883   -nan
79   1   -0.731652   -1.73165   -2.73165   0.457582   -nan
80   1   -0.731652   -1.73165   -1.73165   1.18983   -nan
81   1   -0.731652   -1.73165   -0.731652   0.828155   -nan
82   1   -0.731652   -1.73165   0.268348   1.15811   -nan
83   1   -0.731652   -1.73165   1.26835   0.678894   -nan
84   1   -0.731652   -1.73165   2.26835   1.49454   -nan
85   1   -0.731652   -0.731652   -2.73165   0.925563   -nan
86   1   -0.731652   -0.731652   -1.73165   0.955895   -nan
87   1   -0.731652   -0.731652   -0.731652   1.19135   -nan
88   1   -0.731652   -0.731652   0.268348   2.20644   -nan
89   1   -0.731652   -0.731652   1.26835   1.4482   -nan
90   1   -0.731652   -0.731652   2.26835   0.626407   -nan
91   1   -0.731652   0.268348   -2.73165   1.08112   -nan
92   1   -0.731652   0.268348   -1.73165   1.5618   -nan
93   1   -0.731652   0.268348   -0.731652   1.62155   -nan
94   1   -0.731652   0.268348   0.268348   0.935708   -nan
95   1   -0.731652   0.268348   1.26835   1.40313   -nan
96   1   -0.731652   0.268348   2.26835   0.804078   -nan
97   1   -0.731652   1.26835   -2.73165   1.51302   -nan
98   1   -0.731652   1.26835   -1.73165   1.78692   -nan
99   1   -0.731652   1.26835   -0.731652   1.51745   -nan
100   1   -0.731652   1.26835   0.268348   1.63549   -nan
101   1   -0.731652   1.26835   1.26835   2.17366   -nan
102   1   -0.731652   1.26835   2.26835   0.845594   -nan
103   1   -0.731652   2.26835   -2.73165   0.541939   -nan
104   1   -0.731652   2.26835   -1.73165   0.811617   -nan
105   1   -0.731652   2.26835   -0.731652   0.510223   -nan
106   1   -0.731652   2.26835   0.268348   1.26254   -nan
107   1   -0.731652   2.26835   1.26835   1.58475   -nan
108   1   -0.731652   2.26835   2.26835   0.913893   -nan
109   1   0.268348   -2.73165   -2.73165   2.73371   -nan
110   1   0.268348   -2.73165   -1.73165   1.4942   -nan
111   1   0.268348   -2.73165   -0.731652   1.14031   -nan
112   1   0.268348   -2.73165   0.268348   1.70701   -nan
113   1   0.268348   -2.73165   1.26835   0.540404   -nan
114   1   0.268348   -2.73165   2.26835   0.670734   -nan
115   1   0.268348   -1.73165   -2.73165   0.897418   -nan
116   1   0.268348   -1.73165   -1.73165   0.921505   -nan
117   1   0.268348   -1.73165   -0.731652   1.47802   -nan
118   1   0.268348   -1.73165   0.268348   0.675531   -nan
119   1   0.268348   -1.73165   1.26835   1.85631   -nan
120   1   0.268348   -1.73165   2.26835   0.844234   -nan
121   1   0.268348   -0.731652   -2.73165   1.17445   -nan
122   1   0.268348   -0.731652   -1.73165   0.845572   -nan
123   1   0.268348   -0.731652   -0.731652   0.577317   -nan
124   1   0.268348   -0.731652   0.268348   0.771475   -nan
125   1   0.268348   -0.731652   1.26835   0.666106   -nan
126   1   0.268348   -0.731652   2.26835   0.931592   -nan
127   1   0.268348   0.268348   -2.73165   0.985404   -nan
128   1   0.268348   0.268348   -1.73165   1.33674   -nan
129   1   0.268348   0.268348   -0.731652   0.920056   -nan
130   1   0.268348   0.268348   0.268348   0.730039   -nan
131   1   0.268348   0.268348   1.26835   1.93124   -nan
132   1   0.268348   0.268348   2.26835   0.522987   -nan
133   1   0.268348   1.26835   -2.73165   1.69504   -nan
134   1   0.268348   1.26835   -1.73165   1.08184   -nan
135   1   0.268348   1.26835   -0.731652   1.44942   -nan
136   1   0.268348   1.26835   0.268348   1.58124   -nan
137   1   0.268348   1.26835   1.26835   1.51767   -nan
138   1   0.268348   1.26835   2.26835   1.77798   -nan
139   1   0.268348   2.26835   -2.73165   1.19325   -nan
140   1   0.268348   2.26835   -1.73165   1.09996   -nan
141   1   0.268348   2.26835   -0.731652   1.09006   -nan
142   1   0.268348   2.26835   0.268348   0.992708   -nan
143   1   0.268348   2.26835   1.26835   1.67688   -nan
144   1   0.268348   2.26835   2.26835   1.32976   -nan
145   1   1.26835   -2.73165   -2.73165   1.40394   -nan
146   1   1.26835   -2.73165   -1.73165   1.18735   -nan
147   1   1.26835   -2.73165   -0.731652   1.81949   -nan
148   1   1.26835   -2.73165   0.268348   0.984152   -nan
149   1   1.26835   -2.73165   1.26835   2.617   -nan
150   1   1.26835   -2.73165   2.26835   2.22547   -nan
151   1   1.26835   -1.73165   -2.73165   0.634574   -nan
152   1   1.26835   -1.73165   -1.73165   1.54286   -nan
153   1   1.26835   -1.73165   -0.731652   1.02378   -nan
154   1   1.26835   -1.73165   0.268348   1.05721   -nan
155   1   1.26835   -1.73165   1.26835   0.49765   -nan
156   1   1.26835   -1.73165   2.26835   0.862912   -nan
157   1   1.26835   -0.731652   -2.73165   1.64167   -nan
158   1   1.26835   -0.731652   -1.73165   1.89469   -nan
159   1   1.26835   -0.731652   -0.731652   0.887235   -nan
160   1   1.26835   -0.731652   0.268348   0.623573   -nan
161   1   1.26835   -0.731652   1.26835   1.01438   -nan
162   1   1.26835   -0.731652   2.26835   1.65351   -nan
163   1   1.26835   0.268348   -2.73165   1.71722   -nan
164   1   1.26835   0.268348   -1.73165   1.29252   -nan
165   1   1.26835   0.268348   -0.731652   1.36903   -nan
166   1   1.26835   0.268348   0.268348   1.44573   -nan
167   1   1.26835   0.268348   1.26835   0.88446   -nan
168   1   1.26835   0.268348   2.26835   0.864205   -nan
169   1   1.26835   1.26835   -2.73165   0.442593   -nan
170   1   1.26835   1.26835   -1.73165   0.771429   -nan
171   1   1.26835   1.26835   -0.731652   1.55998   -nan
172   1   1.26835   1.26835   0.268348   0.99258   -nan
173   1   1.26835   1.26835   1.26835   2.2332   -nan
174   1   1.26835   1.26835   2.26835   0.861565   -nan
175   1   1.26835   2.26835   -2.73165   1.14454   -nan
176   1   1.26835   2.26835   -1.73165   0.786671   -nan
177   1   1.26835   2.26835   -0.731652   0.994322   -nan
178   1   1.26835   2.26835   0.268348   0.49217   -nan
179   1   1.26835   2.26835   1.26835   0.927354   -nan
180   1   1.26835   2.26835   2.26835   2.47479   -nan
181   1   2.26835   -2.73165   -2.73165   1.65085   -nan
182   1   2.26835   -2.73165   -1.73165   1.08025   -nan
183   1   2.26835   -2.73165   -0.731652   1.56401   -nan
184   1   2.26835   -2.73165   0.268348   0.867423   -nan
185   1   2.26835   -2.73165   1.26835   1.15784   -nan
186   1   2.26835   -2.73165   2.26835   1.18754   -nan
187   1   2.26835   -1.73165   -2.73165   1.194   -nan
188   1   2.26835   -1.73165   -1.73165   1.37219   -nan
189   1   2.26835   -1.73165   -0.731652   0.498564   -nan
190   1   2.26835   -1.73165   0.268348   1.41493   -nan
191   1   2.26835   -1.73165   1.26835   1.70093   -nan
192   1   2.26835   -1.73165   2.26835   1.2585   -nan
193   1   2.26835   -0.731652   -2.73165   2.28524   -nan
194   1   2.26835   -0.731652   -1.73165   0.286715   -nan
195   1   2.26835   -0.731652   -0.731652   0.540258   -nan
196   1   2.26835   -0.731652   0.268348   2.83379   -nan
197   1   2.26835   -0.731652   1.26835   1.44652   -nan
198   1   2.26835   -0.731652   2.26835   1.51511   -nan
199   1   2.26835   0.268348   -2.73165   2.2393   -nan
200   1   2.26835   0.268348   -1.73165   1.03104   -nan
201   1   2.26835   0.268348   -0.731652   1.26102   -nan
202   1   2.26835   0.268348   0.268348   1.91608   -nan
203   1   2.26835   0.268348   1.26835   1.20362   -nan
204   1   2.26835   0.268348   2.26835   0.44665   -nan
205   1   2.26835   1.26835   -2.73165   1.00226   -nan
206   1   2.26835   1.26835   -1.73165   0.628263   -nan
207   1   2.26835   1.26835   -0.731652   0.832516   -nan
208   1   2.26835   1.26835   0.268348   0.901604   -nan
209   1   2.26835   1.26835   1.26835   1.49242   -nan
210   1   2.26835   1.26835   2.26835   1.75775   -nan
211   1   2.26835   2.26835   -2.73165   1.03252   -nan
212   1   2.26835   2.26835   -1.73165   0.939571   -nan
213   1   2.26835   2.26835   -0.731652   0.290201   -nan
214   1   2.26835   2.26835   0.268348   1.38689   -nan
215   1   2.26835   2.26835   1.26835   0.79588   -nan
216   1   2.26835   2.26835   2.26835   1.87963   -nan
